NWZQHZIRRGYUTOVOBHNAQASROBXZPRPWZQSMLET
JLJJKLKIKLLLKIJJJKKJJJKLLIJKKLIKKLIKLIK
QMRMRNOQNLLPNOKQLPQNLLLPNOJPLPNQNQOROMX
DIRTXFRTEVRTWNRTXARTGMRTEMRTIURTUURTFXX
RQMOQQSSPOTRSVVSVVTPTWRWVUPQQRQSVVTVSPO
UCBBDQBBREBBFSBBTKBBLOBBPMBBNIBBJGBBHXX
ZOPLEJNOFNXDMGDWIQPZBTJCRLUQQALWPONEBHW
PTYHUDJOPOHLVCHPBGXYRBRKVQAMQSQVGCNCNDG
ZUZTTCYLZXLWVEYMKWMGUCWUCWJNOJLIDLVZRFV
NKLLSVTILKATXWRBKNFTHNVBINIWTPTPUZDKAYL
CIPLWUBRMUWZYXSYNEFOBNGAWJBQLITCIPLZETC
HIPTOYOIMXMXGFRRXGOYPJPJOHOHUFUFOIGFRRX
TBAACFAAGJAAKRAASNAAOHAAILAAMPAAQDAAEXX
ZBOQBOYIBODEBOFYBOVCBOTWBOZABOXJBZBBBOI
OSTRNMPNSNLTROLOKMOLNPOMPLNNLOKPONSOLRN
LONJIPNKXHLLWLSNWQPTOQMMLOTSISWPPMKMWIL
ISRSSQPRTNTNKJNTNNTNKUJNTQNOLOTQMNOLPXX
SABABCDCDJJIIEEFEGHGGMMNNOOPOKLKKRRQQXX
HLLCHVFPNCLLCHVWFPCHVWUHLLEUHLHVWFWFPNX
LPLCWNLCCQLCBMLCMILCGELCJXLCJALCFNLCXXX
QPWOQPWRNOQNOQPPWOUQRNOPUVTOUPUWOUPUPUV
SFRKKTWZRQCTXDJZSSEGHXJMBEQRQPSOMXHDKRX
KNLPPSOKJMRROKRNOKNOKNJMRRSPKPOKSPPSRNX
ABBBNMMNLKLLJJJJGGGGOPOOEEFERRRRDDCDXXX
TFPONIFHINMPSERGSHHUNPGLOFTMHSPRJQLJTPU
EFFFDCDAEDDCDDCDFEDDFBAEAACCBBEFABEEXXX
GXCPSECUFLTLDMVCKVPROLZOWNHSSOBUSPDIDMF
QPOPIQHONLKKJPIQHLNLNJKJKONLMKJLKHNHNQP
IVJVTNQPORMIPWVWQPTNLLPLJMLLPLPWVWJMMIX
HECMDLMMMCLMHECLMHEECMMCMMCMCLJDLMHCLJJ
XBOYHRRORSNQPFOUDYLRWIQEKCUNRMEUXGILMLU
FNNJNNXPNNWENNCUONNRNNHONNUKNNCPNNRCNNZ
BIYXLXSGHWGRBGPHOSNCIXKIUMNLHZOBTQICMTK
RPXXNOSOXRPSXXSWQRVUOXROSNPRVXNSUOXOOSU
HMIEDOMCFKQKICJFNHFIIKEFCKERMQQNJKGKCIO
QMMSTTRNSLQMPQQSLSTMSNSLQSTSTMPQQQMQMSL
VRVRRWVURUTSRTUTVVSSSWVWWURVSTSSUUSRRST
YDYDDYAZDYOJDYRADYXLDYNTDYIIDYSWDYQYDYQ
EDFHGCHFBDCEGHFCCCEBHEEEEHEBFEBCGECEEFE
NRQMRQSNPPRSORPRNQOOPOQQSQMNOOQOORNOQXX
RPNRQQQPONLSQPQRSLRRQSSQNNQLPQRQPOPLQPR
PXWPPTRTRVWSXUPSXRTXPSXZSVQVUSXPSXRPTOP
SXVRUJXQKSXJXOXXQKSUJXOQKSXUSLJUSLJTHHJ
JYEHBFLYWSJLNJYYQKKLOFDDXYVRCHLKFNSVJIY
VMGHFMOKDPOBVHUKOBPTGHUHOKDPPTGHUKVHUHX
PTFXXVWNSIZPXOTWVHMIHRYTKEIJMUPYCUJMHON
IAPZAAPAUAPNOAPICAPNCAPOZAPCAAPADAPLXXX
KSQQUOQWNGJGWJSWVNJSOFWQLWQQMNWGMHKJIIG
PROAVCRFFVMENZICWJFITWPBTYOLJWKHZDDHASE
AHZRZOEOMPGARUTCIWJAEWWWWVGVLNBELTBPQYO
NHMLJNKKRPTTUUUUQPPKUSKPJKOQSLNPRPPUPPQ
POASOXHCKKNWIOJGAYXBMXAVVUYCMJFINXKXHHT
TYNHZSLPZXYWNPMOZALUUGVBVZWTKXVVIFIFICX
ABBAJJJJFFFFHGGGPPPPDDDCNMMMKKLLQRQRXXX
UYJKDETZXRJBRNZQHBIOCRHVUGPAERLWHMRFVSQ
HNEIEPOQQTTIBQTERCOJFMGDRDEMFEQBGHIDRDE
XYHLVOEJWDDKYTCICHXKYTCBAWQVKYJIGBWDSKA
AEIMBLDEXWOSHMKFKEYJWJOVIMKUHBHRKHLGLUK
LLJLJKJKLKJJLKKLLLKJKKJLJJKJJLLJKLJKLXX
HKKNEKQOLLHKKVVNJEFVVCMRSBFIVEFVVRSKTXX
NHXYWQQQSWGIHSXQMSMXWGNMTHKKZVQGJIIQLIJ
QERBDJMWUODJLPGURURUDBDBQULPGUQUMWWMQEX
AVATHMOQOWFWQQPECUOZJTDGFBHCRBWETCEMZWH
TTHWPFGRPWRGPPTOWHMORKWWOJVMISTVMPRRLUO
MRXKSKXHZXCJGEBMQUXAUHFSZHNMQLULDREDREL
CEEBBDDFCEAABGFFECGAEEFGBCFFFCCDDEAGEFF
STBAABMMNMRRQRLLKLOPPOEFEFCCDCIJIJHHHGX
LLFEFFHGLFLFHGKLJLLFKJHIJEGLLEKLEKLIKHG
MLKCIOLHXBPBDDVDVSGTMDERQMHAFDPUCCIYXNF
JGCGJBBKJDIBEDBKHBKAJDFBCAKIAJBDBCJBABA
GRPNVMLRUGRWKDRDRUGPNVMUGRPRPNVKDRUJWKD
UUISBLVNKEJSTVVBWXPXJJGVVQDDBAOUEFWCNXX
SLMPVPTLLLSVMQRVVMPQQQQNQNMKOPVOPRKTXXX
LAOLGDRBGYDYFKFHDWWIDYFWKCBXZIUWHVCWLGD
QUCJYYQYAYUUBIUZSOUWKYGFXWDUICRMNXRZUAX
BKJWEAUEAUEHVBKVBKJPWHVAUEIJWEAKJWEWHVB
JIMMLNLIHJNLJIMMMLNIMMLNLJIKIHJJNLJHJNL
IHHJMHHNWHHXOHHPSHHTUHHVQHHRYHHZKHHLXXX
CBBDOBBPGBBHKBBLEBBFMBBNQBBRIBBJSBBTXXX
VVVWVWVVVVWVWWVVWVWVWWVWVVVVVWVWVVVWVWV
LKJLRXKQZCOPWQZJDQZNCLWZHWBAWGQFNYLYWOA
RRRTRRSRSRTSRRTSSSRRSRRSSSRSSSRSRRTSTRT
XEFEEGPEEQREESTEEULEEMHEEINEEOVEEWJEEKX
XFLWMUWMUPUVURFLWMIUVUVURXPIUVUPIUMUPIX
DNNSBIKOIJMLGEKJPDRJMFMQPNNDLONDDOIHQMM
HQJUAHCKRSIOBYYFYKMRQZITUHMLPDLHIGTTUHM
MGGLGLILIJNLIJFJNMGLHNIGLLHMGMGLGLGJFLI
KMJKKMJLFGGNLOKGGNLOKKMGNLOOLFGLOKKFGGN
IAJKHFSAERERCBIAORFTFLHFIAFLSACBIAORFLX
DWSRKLNGQHDQHDWHDWSGOGQKLNPOGQHSRKLWSRK
QPPQPPOWPPWGPPKLPPMJPPJLPNPUPPNDPPPNPPP
EASJDYAPOAKRAPOWDYVJVEZGPTVJXCXMOFBFZZC
HOQNLPJKGIGLIKKNIGIPJQHOLKOMQRHRHIOOPGK
SSTRSSWSYYPUXSSVQVTXQUSSPSVSWTUWTXSPUYS
ZIOSYMIQVHEJSPUPIWMPWMOXLNICAAWYMITBATF
IYBQYMVFLYQCCFJAJRGJASEKWFUULTWDBQMQUEX
MKLKLMMKMLMMMMMMKKMLMLMMLKLMMLKKLMLMKXX
CRSFRSPTRSQJRSDHRSXMRSBGRSVGRLRLRSKWRSC
USUSURVVRTVRTUURUTSURUSUSUUVVRTUSURTUSX
BNYSWQAWZLSZHJFTDYTJSWQCLEBNQPKZRKTLLZR
MCPOMLDMOHNHLLMRPLFNEJORODRFFGHDSDRORMR
OMMJFINNGFHLFONFOHNHIMONIJLLGNLKHKKKINF
LROLMJQQJOJKNKLRMMMKJMMQQKKIOQKOMLOQQPX
MLVLZIBFDHQEPCOAMLVEABTSLDFHTFBMVFXTZJG
RUUTRSSUPPPPSTUPURSQURSQRSQSPRQQRSQSXXX
BAABNNMMEEEEPOPOJIIJHHHHQQQRDDCDLLKLXXX
GSDOFLIJHSSELEOJPPFIELEKFNIRKRNDQSERDSK
FLNZUENKKPKFQXDDBFUJKRIKFHMCJYUEURIKFHM
BSHDNGFTOPRMHIGQNESJOLCBQTOTGQLJEQNQTIE
SIWRSMJCNOHBPINTUNTMUJBTUMUBJAXOUSOIGYX
QWCEZXGUQNDPMQTMCBVVLYWUALFVXGPIKVWUALX
STSSRTSRSRSTRRTRRRTRTSTSTSSTSTTSSSSSSSX
LPPSIMWWONOTPKOOHLVRPUTOWMPPVVTWUIWTLHL
JANJISOQLNLNJARSEEKDBRTFRSGFOQISTFBRGFX
MKALCOLMCIEEMEFAFKMJKKAFJMFFOALCEDJLFHM
LJTSAOWXQJWFXOYTTMDQBKWVSJVPJOXMKLBJOXZ
HDEEDEBBDCHDEBDDEEBEKEDDCHDCHDEEBDCKEDE
TMYHMYMRMYNMMYIMMYKFMYTPMYMQMYXOMYAXMYS
ORVRLVOLVVLNMMUQOSLRVPMPVTRMRNRMUVUNXXX
PXXAESXAMPXAEIXATCXAVCXANYXAWGXAOVXASXX
STZUOYNSTTYNSUOQYZUOQYOWWQYOWOQYONSTZXX
UCBBDEBBFIBBJOBBPQBBRKBBLMBBNGBBHSBBTXX
UVQOBYUBNTIEBYSPYMPWENTIRGIZCXZVFPEEPOB
QAVYQQQDLCFPVAKRGSGVRNYNYKLVZBCNVWYXMQK
IJAHVNAAOIJNAOIYMYAMYAHVNAOYAHVOIJAAHVN
BAACRAASJAAKDAAEHAAIPAAQFAAGNAAOLAAMXXX
IVBWYHPFVXNLLSUJURIWHHFBPSXHRMJXOWXMATX
DSRDFGAZZLXOOGJGWPAVSNHWPFCUCIQTYTXCMRK
YURGIMRGNRRGXYRGSHRGBARGOCRGRERGFMRGSXX
SIXOAZLNAIAZTTNWITEKYWLCCHLXZKVOGQQLFEP
BBAAEEFEKKKLPOOOQRQRCDCCJJJJGGGHMMNMXXX
QIEHJVBPWMWYOXTSYVZKGYEUDLNROOIQXRCYVZI
OROIJKIQJSRNRQRNMKNIOKOORRPROJQPNSPRKRO
QGRMMQCRTOIQIQOQMMQVCJNKMRHYDAVXDDASCET
ESKXYCWUYYIMAVBTGMNQYEAOEFKMUUKEDFITRSL
KNKMNLLNNKNLKKMNMMLNLKKNKNLNMMLMMMKLMNL
XJZPEJZPFJZJBJZAMJZQQJZPHJZFQJZOWJZBXXX
DBDBIGFDGEHHAAHLKADFLKDEBBJHLDEABCLFKHA
ABIFCBBGGICBAGCAABGIACAGHAIIBGACFAFACAX
OOCOUOCAHOCTLOCHUOCOUOCUUOCBEOCAUOCVXXX
UBCBBDQBBREBBFOBBPSBBTGBBHMBBNIBBJKBBLX
MAAVYMXDGVDGVMKKXDKXDGGVMAVMAAVYMIAAVYX
TBBBBLLKLEEFFDDDDNMMNJIIIHHGHQRRQPOOOXX
OIRQYCYEBBGSQFGYGBEGJSJPRQSJFWOQBDQGHDK
SRNORQQPSYUXSRNWYWSTPORPORQWSTPWTPSSTPO
CBBDQBBRGBBHOBBPMBBNEBBFSBBTKBBLIBBJXXX
OEVMHSWJXFVYFQZUOEFQLSXFLNLSZULGWJLNVYX
HEPPRYYLSTGHIZXYOVGSIYGIRXFMEKYSIYGRJIG
OHYAHYGHHYYUHYXKHYXMHYRTHYKCHYIIHYNHHYU
NSMMSMBKSMHSSMTQSMUEPSMNSMYPSMSNSMNMSMP
SSAAABOPPOEEFFHGHHIJJIQQRRMMMNKLLKCCCDX
WWWXXXVWVVXWXVVXWXXVVVVXWVWWVWWVVWXXWXW
FJLEEJIGCRLTEFHHVWFDVIVDOVWETTPIVCYNIPE
DJOPPCSRNVDCSLSLSRNSLSRSRNVPCSLVDJONVDJ
JQGBQGJSQGIYQGCKQGGJQGIPQGMFQGEVQGFNQGW
GKLEISPISPFHFFSFSGKSGKLSPFQLEISFFSGKLEI
JIIKPIIQTIIUVIIWXIIYRIISZIIALIIMNIIOXXX
SEHJMEHXSEHBCEHLNESECEHSTEHOVEHZUEHQXXX
UTPTTTVRRQWORVRRRQWUUUTRRQWTTVPWOOPQWSW
UPMLLSTNQWVTMLPXLVMLUQVURWSRUUWWWSLSSWX
BABAQQRRNNNMJJIJGGGGEEFFCCDCLLLLPPOOXXX
UPQIQWLSKOLLOIWLIHUWPLTLJRWWHQMWLJWMLPL
RNPQOQRTOSRRQPTUOTNQORUNSUQPQRRRRUOQPNP
MSNOTVPUOMMVMQTMSSQTMTQOTQVQNRUPPQQQQOO
VCAJCEJZFFCIFQALPMKGKRTYMVOOVMKGAKUSEMG
RMXTXNWNOXLWSRSSWXXYQLYUTMYOPWRYMUNLLQO
EEDHHBEKBGJBGJHBEEDJHHBHBEEGJHHEDHJGKBG
DCCEHCCILCCMJCCKPCCQFCCGNCCOTCCURCCSXXX
STBBAAGHHGLKLLCDCDPPPOQRRREFFFIIIINMNMX
NONRNMHMJWWVPWTWTUROTKUSHNILQLTHMTSLNOT
QPHYSSAIWNUKMPCHCPRZOTOXDIWXAVKIMHAMFQP
LKQNLLKPONLQLLKRRQNQNKPRKPOLKRRONRKKPQL
XILASIJFCKMFZFXUWQBUWQBUUJMKSNZVFDKFHQL
YJKUQPVVNKOMLNTLNTJRVVRNSPKVVYJPVVYMLNT
FRAVAGWKJTNBGXHINKKYXUMEFXNAJOHHLMMDTAT
ESCASCVXSCIESCJFSCITSCULSASGSCJNSCXPSCY
TSBABANMNNQRRQEEEFDDCDGHHGLKLLIJIJPOPPX
UILULFNBVWMHONHNPUJELWTCABRKGRZLFNXJSJU
BABBRRRQPOOODDCCNMMNEEFEJIIIHHGHLLLKXXX
VNQPTAUIENRWVIBIFVNMHDBZDHOBSOTDYWUOBEB
DHHHRSESPODGLHPODHDIESRCDGIPESESRCLHIPX
QMWOLOLQWSUWWMRUPQPWMRWWQQMLOLPQWSUWMRW
PUFQUPGKUQUVIGOPGPUUSVMMQKUVMMQGOUSFQJM
CBIHHKPQFIPDKCMNIHHKPEGIPNICMCBCNDKEGCN
KKHIHKGCKCIFDDHIIECHHCIGCEKCJIDICHCFFCF
BJBSNRYOJEHIZQPMQVZOQGKQHVKZTOKOGFJEXRL
QGLQOHIGLQOOHIDIDGFORJQHIDGLQOHJQGLRJQG
PRZRHBFRHTDRHKKRHYYRHKGRHUQRHTRRHMCRHXX
RNYQZXOUVTQPPQRRWWWOXQQTTUPWYQUZRZRQZRZ
RTRRXVTUVUSSRTYUVUUTUTUSUVSYUUWVQSVVVUR
IGIIMLLMJLMLFFMLIGFFMNKGILJLLMJLMLMNKGX
NQMNOPKMRTSLMTRQPNLQKRKORMQMPLRQPNNOMSX
URHMYFHJRCPQGCGJJENXGAUFFKZUTNUNCEFRYVG
VTTVVTVUTVSSSSVVTTUTVTSUUSVSTSTVVTUUTVS
MXLMAHGZWYCIWXCVJYSPSRAACJHEDSRHKVIBUDD
DQZRLSHDYFLHDQZPNOGTWUTLFLEMNVPMOEUZBKD
XSWLEXSKYIPNMRURUGLZWNMPIUOWFZWOGKYWLTX
POOQVOOWROOSBOOCFOOGXOOYTOOUDOOEZOOAXXX
TBVBLHYMPVBJQOMFRMCVDBOMOAHHJRDHTBVFEPT
OTNRLKLTLKNTMJSNPSNRKNOTTQMOKKJOLMTPTLM
TABBAFEFFJIJIQRRRNMNMDDDCOOOOHHGHLKKLXX
QWYJVVTPJVVPMYMYMPVPJVVWJPJVTPXPVNQUJYP
PGYUABLHMTDJZNRMZVPFNTXYHBGKYTKFNHNJAWW
OPNLHGFZQMRFWIWOIJZNHYTXWWOWXWLIIOPNXWW
AEWUTEOHFIJOEYOSNRHNOGNFYKZZYEUQLWFZZQX
XUQUEMGPQIFTNCMGGPDWFTNTDWQIXUPCNTNCMGX
PPORPPPPRRORQQPOORRRQOROORQRQRPPOPOPOPR
ADQYMXMKUCZVSECLOVDLBLPAKEQVYMCPAKETKLS
ACOHGFQAODDEJJAJDENDFCODNDHKAJJJQAGFHKX
ZZUYCLOQJGVUGXQDVFREFNVWNRYDMSUHHAMQOXX
QUKVVDYSFCPLVLMUQTZCPWNUQTZATFNNNNYKTHC
CKJJLOJJPQJJRAJJBMJJNUJJVWJJXSJJTYJJZXX
LTQUTQYXTQNKTQWCTQWZTQZUTQFBTLTHTQISTQR
BABBMNNNGGHGIIJILLKKEFFERQRROOPOCCDCXXX
URSQQRRRUTSTUSRQQURTURSRQRQQQURQSURSQXX
PQGGOPGPUIIGGPUIIGOOUWGGVOUPGWSFKGVWGPQ
GOCKNLILIHJDOMGEMGEHEINFFOMMHEHEHEIOMGO
STABABLKLLHGHHFFEEIIJJRRRROOPPNMMMCCCDX
YBKAXCDQMNVDMQLCSCCPUHQMAOVIXDCKFJYTMLG
TCQDWGFNQVVIYOFQMCCRFJCDVSNEJRFXBUCIUQW
FMQYLDBIMELZTGEAYNROOXVGMYUMJRWGKCMZKCU
ICZRAOUMCQZTVPWAOUECOTDCZWISGFEQNCDKVTB
LJOMHSJVMJOTSPPISLTQHTMOXNKPPULKXSQJRTV
VXSURMWQKGRSPXQRGCVBJMLWLEIUJSBGQXUIXES
TUZHXUZIEUZJZUZBEUZBVUZQCUZXZUZEMUZDXXX
LUZSLIMVQFKPRKMCEMLVGIZFUTAKHEJOXKHAECP
TTSBBAAIIIIDDCCNMNMPPOOGGHGQQRQFEEEKKKK
IBEAGADDHBABAGADIBEADIBHBAGBEAEBDHBGADI
UCOMTHTVIKVTHRPLOUVDLILHDOEHCSLNDNSCMQN
KJGEDRIRDGKMORSIKLELIGKKOJMSNMCCHKRFRPL
GYCCDYCUBLHTLQXGMBLNFYAVVJJHEFZYIVMOXXX
MIKMHGMIGIHLIGJJJGGKHGIMGJKHLILKJGHGIJM
OTCVTCISTCBOTSTATCCFTCUXTCCSTCGITCWSTCV
BSQOSQEUSQRVSQAXSQWSSQRGBSQMSQHVSQHXSQK
AAABGGHGEEEEKLKKOPPODDCDQRRRIJJJMMNNXXX
ZENGYXDBXQHFJXGVTBMJMLRDPFGFUOTLRGEWMQG
NOPPQPQONNNQNQNPQNPQOPNPNOQNNNQQNQQQPQO
VBCUGFPYHLZAVSKCAUWWFXXLCLANNUGKIVKVFOB
QSORREBVLPTASBDNKCTUZXOMFFDIGCOUNRRYWNJ
DQUVFWOFJOFJWJPYHJPYHQDXYWLXEYHYQRTMVXX
XUEOLEXUEJJASWEXUSPOWPOWEOWEXJASPASPOXX
TTBBBBGGGGIIIIQQRQOPOOKLLLFFEFDDCDNMNMX
WUJUHOLJLHTNTLGVWIRUPNLQQHGOLQJLVSTPLPV
UHSNCRXFJUPIWWYHSNCHWQTHSNCUFMVLFJUXCWH
SSTABBARQQQKKLKNMNNFFFEJIJIPPOPCCDDGHHH
OHMJKMIKFDOIGHKILPSOPKDSEIIRSEOSPFDDRIR
KKKKJJLJLKJJLKJLKKKKJLKLKJLKKKKJLKLKKJL
OGUVDSGZPEZORGIDKSTXIJTPGBSUXFEVDSGGXLX
VRKLKKSPMTPPUPLSLPSMLTVSURRNJLPOJONRNTM
YFGFFHQFFRUFFVIFFJSFFTMFFNOFFPWFFXKFFLX
BAACJAAKLAAMDAAEHAAIFAAGNAAOPAAQRAASXXX
UBBCBBDSBBTKBBLEBBFGBBHMBBNQBBRIBBJOBBP
UUXVVXXVXXVXVXVVUWXXUUVXXVVWXXUWVWXXVVX
KFTWCKWUYAAMVDWTZYQQQVXYJEOTPWJSPOHYXXX
UTWXDQKNZOKAKUZRIUHDNKANFCGWJHTIXTWQCNF
XZWVSSNSEBAQRHLWBJYCNAHQDZWJVQJVSSNRAEW
FLIEOMFFGHHCIIFLHDHFCPJMPKLOJJCJGMDGDEX
BZEPXUIZPRUSFQSLAYHWKJHHOJMLAYHCRUBXPUL
ABBAPOPPHGHGKKKLEFEFDDDDQRRRMNNNIJIJXXX
PIICQLJBSIKHEBMJKPHKKTDBOODDHEPMUHBDUDI
TECHFVERSDSRAEZPVLRJIFJPGLORGIALHFVNTPR
IVKMCPZGZYZMOZTWLAKNEFKGHWYGTPHLQWINFYG
EFEHFEFHFEHGGHFGEGHHHFGHHFGHHFGHHGHGEGF
XTKRVAWOWOMJJSRXYGVYWTRAXLMHCXBGYLRDWFS
JBBJXSJJFNWRWCDWOROQZVDPOWVSSENISBXZZYT
WYYVXVVVVXUUVUTUTYWVWVTVWUVUVXUUYYUTUWU
SNKHPUOJQXUSXNLVQPMSIJOSSWRJHVKPKKKSIJO
WMJLQGHMWMNNHMQGFKSGPTHUSGPTHRFKOTOTHUX
PMMWYDZFQJTVVPGYHPHPPJXZPUNPGBTZNXJQOVY
EOYLOYTVOYYCOYKROYWROYMUOYFQOYIOOYSIOYQ
FMOPLOFEMFSLFHSFNRHSFNKEFMIPLSMESLOKIPX
SABAAFEFEMMMNPPOPCCDDQRQQKKLLJJJJGGHGXX
NEMLNFNMLNFJKIHFIHKEMJKNDGNEMLNEMJKLFLF
TBLFWTWKTYLGQBAEJQQMUQVTWFSZZQCNYABNYAB
QKRMUISPJHFKCTELMIILAPSZFPBWNCJUMVXKRMG
WETAETCHETDZETPRETWVETZYETJXETOQETRIETP
QTROUQUTUOPRUTSUTSTROOTSTTTOOUQQRRUUTST
SSTBBAAGHGHKLLLJJIJRQRRCDDCFFFEOPPONMMM
SKIEDRVNXXMKJUPYVGPFXWDGCUBVGPYNVBZSLJA
GFFFHIEIIGGEHEFHHHHGFGFIFHGHIGFFFEHHHHH
RONPJCCKEADEOTCCELRPASBCOHKDOTKBQQERSGP
VOZSUHBMUYVWAMVOJAJQCKUIVXHIWJHBERWOAQV
FZGCZGLSZGMVZGXOZGNGZGBLZGVYZGUAZGICZGL
LORMMPITUHQWQHZEVOKDHLJEGVLEGVLKYOOGTRF
SVQZZPSMJUJUXLNQSMXLXSXJSQSQSVXSXJZPLMX
HOKOOGUOSQGUOSPPHPPHOPHOKUOSPOSPPKOOTXX
SMMGBFMTRFMPOFNEUKCMGRPRRKTMFPSNNEEKDGR
CYMYTMOYTYOYTIXYTXFYTEGYTHQYTTGYTEWYTTX
RQQSVQQWBQQCZQQADQQEXQQYTQQUFQQGHQQIXXX
OMKOMMOMLOOKKNMKNNKNLKLLMNKNOKNKNLNMNMM
UKLHQHNGSBZAANTCRZJUOSXPOSRPFFWXKUNRHSV
FWIHWDHVMEXPFBWMUKCSGGDKFBCDMUKJYYEBKRO
ZCVXHCRIHHOZCRIHOXHOZZCRIVXHOOZCRIHOCXX
KIRWPPISHHPPPPPPMLHRPXGSISMLVOHHHRPXKIX
HNKJOUJLNJOJTNHNKRUJLJLNHLNHNOJTKKJOJXX
TNNJMRNYUUTNJMRKYUUMRNWUUTNUTNNRNWQNNJM
CGDVGBBBVTNRJOUCEAHIXCGPISZUPRPQBUQWQNP
WVVXGVVHAVVBEVVFKVVLCVVDMVVNIVVJYVVZXXX
WKVULUXQUMXWTKRNJNXJNXORNJNXSMJLUXSSMJO
ZGLVHDGXUXRATKWSASGJRQIWXBKDMZYRPMJZGLV
WTMXXPUZYRYWYZWZMSUURYXUXVZZRVWWTNWYWNZ
YNRMFGQQYNRUVNNQMFGNNQMFGQYNQMFVNNQGQYN
XMRPGUQHWXDHEHGUQJQJWDWXUKFHQHUKDHEHXMX
SSFMZQPQWSUNNEESFMSTHEUJWHBIXDJYLCZTDKL
RSGHWINWWQPIQRRKITWOMTVVPHMQMIOPVSQNKPK
VYHLHKZQBNFHEXFPMESNYLNJAWMXMEOZVKWGDMW
ABMBFJUBFVNBFHKBFWQBFJZBFLOBFWMBFDLBFGX
TIPKQKIOIUJMOTUHQQQIJLNJGRHNMGTUMGIQSHM
ZGHGGIJGGKTGGULGGMXGGYNGGOVGGWPGGQRGGSX
UGIMHSGGXTYKKQLMSRUQPLKQNVLYLFKKPJQLEOM
IHSAHUOEFFQLYIQVJWFGGJCDNXNJUTJQMDGZXXX
STBBABPOOPHGHGQRQRJJJICCDDNNMMLLKKFEEFX
ZOFJXKUKFKHQKLNPYZWFHBFGYOUGUYIQDOHXRQS
XEEFEEGLEEMNEEOVEEWREESJEEKPEEQTEEUHEEI
GKKHKIHKJJKIJGGGGGJGHIIJJGIJHKIJIGHKGKH
UTTWVXUTXVVUTUVTUXUVWWWXWUWTTWWTWXUXWTX
XLBBICADSDEJADFDJEICGNAUVFVFFDSDXLGNAUX
VRTROTOVRQVWYUWVSYOOOPVVTTRZWRVOVSVRXZW
HJKQMIHHOPPKJNHHNKHHQKHPIMKHHKJKLHQJNMK
NHYSSZXWJNNLRRRRVUNNQZKNXIWXZSTKRXRTTZL
IDXRTMFGCTQKJKCFYPIHYAKQFPRYAVTRLCYCLHG
DROVRXGXDIXGXWXIXKPWXXIXGPWXIXDROGXDRXX
ULOODFTLFJRIZXEVIULCIBXXLOCRDCCQHBBBKUX
PVXPGFUYCAADTOCOVGQLKQAIMIWYVLPXFENVGQW
BIVFFCLQULVOEIBGISJZBAQWCJNYMHWQITBEIBJ
HGGIRGGSTGGULGGMPGGQNGGOVGGWJGGKXGGYXXX
HLKKMMHJLLILJMHKMHJLJHLIMKJMHIHILHLHMHL
YWSWWTWTUOXWTPOOXNYPNWXPSPOOXPOOXWXPSXX
WVVVVVUUWVWVWUWVUWVWUUUWUUUUUUVUVVUWUXX
QPOOPOQOOQQPQOPQQQPQOQQPOQQQOPOQOQQOQPO
TABAACCDCJIJIGGGHRQQQLLKLNMMNOOPOEEFEXX
DIVMLSJVHSTTHXAGUEFLCABNXTPJRSRUAVNFSNX
CDDXLEYILFPKBQHJTVGQWNOEMZRDLSOREWJDWBX
NMIVULTKHJTRQQMCGMBTJFRIRDYMLTCTTMNYESK
YAWUVWXSRFZVLJSMHKMSXTMWTJOPNKUHHLYAWUX
LKKMPKKQZKKAXKKYRKKSNKKOTKKUBKKCVKKWXXX
ELKJLLGGGIIKGDGIFKGDLGDLJJJJIKLGGGFKELX
STTABAAIIIIKKKKPPOORRQQHGGHCCCCFEFFMNMN
GUAIDVEZJTBSRSOZJLTNTZIGMSIFKYVNZVJNTZI
AIRPAIRPAIRPAIRPAIRPAIRPAIRPAIRPAIRPXXX
ENKKJHKKHGGMEJNMEJNNLJENJJMGJNNEHHEHINM
ORTRDCNSZCOOIKBKIRSOBULTUYHXRAILAORXUWY
NENVIENOIENCFENMJENWAENYCENECENVDENYXXX
NJCMLIYJKECUFUNXEHJYKYXFPEOKSHUWYSFOEKK
JKQVIVCMYIJQUJHCGHRHCWWWHQBROCJIVRMBTQI
BAACPAAQLAAMFAAGHAAIJAAKRAASNAAODAAEXXX
UCBBDMBBNIBBJQBBRKBBLOBBPGBBHSBBTEBBFXX
XXTOOZWYMNXXWMQPTWXQUOTWRWYOUXPTNNOMXMO
WEHBRVLEFLVIUZHTAOKYLZOFHDAXDUJPXBRQMLS
IPLMSMTWVLSYWURWURORVVQXOXOPTUQLNWXQXXI
DSWEBKGMOEAWKXHQNXFLXAYCDKWKUFTCEICXKLC
UNKINKMQNKTNNKRINKYJNKAANKPDNKMQNKWANKK
STAAABHGGHRRRQFFEFMNMMPOOOLKKLJJJIDCCCX
SORQPRMQTKPQNORMLNNKQLOOSTLSRPSPPTOOSTX
FLIYLIFKLIETLILWLIMZLIHZLINULIDGLIMVLIG
IZILNAKMZVLPDGCQKENWCYEGOWPULKKBVALNLXX
IDRATGPKGGHFPZHWOUHFGXGEWPNKSTJZJWBOCOF
XNWNESJEOMCTDAMIDJSLVAGSJGIUYWADBCUHGZU
XEFEEGVEEWJEEKPEEQLEEMREESTEEUNEEOHEEIX
SRRTGRRHARRBERRFWRRXCRRDYRRZIRRJURRVXXX
TSBBBBHGGGQQQQIJIIKKKLFFEFDDDDOOPPNMNMX
FARXANNGVJOVPKXUAQPNSLHFPTWZUICVVASDJOZ
TMMSUZMXTCFTOZBVJNBWPAXUYWVRHMOGXIOCQJX
KXWMOPJSIQRSDISVWWSLXTNFMKOABFJHBUOZVTJ
TPECSFOFTEZHJBWEXTIQBZIXHJKCSHJSGQYXYLW
PLQGKGVRWXPPENKGPPYTTRDMYTENVRYKDMWXYKX
CFCBWYWVMZGAAYYLMMOPUYHJTLCJKKDUUAAWDIW
VWWWTSVUXVUXUVSVUTVSVXURXWTVSUXURWWTVXX
TTTBAABCCCCNNNMEFFELLLLOPOPQRQRHGGGIIJJ
WXOIUTQNTRQMRMFSFUZOFMUHTUYSMJLOFMUNSUT
NVUUWJUUKLUUMDUUEHUUIFUUGBUUCZUUAXUUYXX
CLUVZKRUWIGBLVDPLSYFXIPGWCVKEJAAMCFXQSX
LIAMKGWZXTGOQLFNKKBLLITJEXIQRALLOUCUXXX
SSTABABEEFFDDCDLLKKPOPPGGGHIJJIMMNMRQRR
WQPNVXULWQLWQPQPNVXYLWVXYLYLWPLWPTNVXYX
ZGHGGIJGGKXGGYRGGSPGGQNGGOTGGUVGGWLGGMX
JNKFNKUBNKTYNKIDNKYGNKFINKCHNKFTNKRTNDN
TAABBDCDCHGGHMNNMRQQRJJJILLKKOOOPFEEEXX
XPQKKXSWRMRULWNOPSTXXTLOLWIOUQIXTLSXRXK
UBCBBDQBBRSBBTMBBNKBBLIBBJOBBPGBBHEBBFX
DKTDERBYJHXPETAMSASLVZTWWRTGGSLIAGPELVV
XZAZODFWVADAOUEAMDECCYBYOBRPRQBFFWRJTXX
XXZYYXYYYYYZYZYZXZZXYZYXZZXXYZYXYXYZZXX
RWIFJQGPNRSWHMGMGCQERWIIFXHPNRSTIBWFXHP
KEEAOVTEIZCBXWLBYOCQGUKUNDQWEYZRRGMXJON
YKHNSTLWDCKSAOWIYGNSLIVJEPMDVUEETDVEYHM
IMGGIHDHHIDIEJHIKMGDGFKGLDFDGIFLLJKMXXX
ZRDSEZJZUVLTMTYYRPPGHIJIHHXNMXRZJNIZUNX
KBSDSQTPYTYGVKWAUNCPCWSDKINCPPHURRHYFXX
AXIJPXIXYXIUEXIIDXIBVXIOAXIYGXICQXICXXX
TRBDZOBDVCBDAUBDLTBDXKBDZSBDFDBDULBDQXX
CCECFFCCEDECECFCFECEFCFCEDCEFCFCFECECFF
IDONVPONAOONGQONQRONGEONTHONLOONPGONJXX
STABBBJIIJCDDCQRRRFFEFLLKLOOOPHGHHNNMNX
ZPZPHZKSYKOVKYJDOGBBWRTELKSMYZIVSLOSPWL
XYASOUXOMIGXYAOUXOTGXYUXOMSOUXYASOATGXX
FQWPVQRONFJQFUWONFJKVVIOLIPWIMTETTLTEST
NXIXNNJVMSGTNXXVWUJQGTWUJLMSJQJLWHNNXVX
DKSZKSJIKSXHKSTUKSBQKSSAZKSKKSWOKSKDKSG
EHGCFHKKEFDBIMEBMJBMLBEENNMKNGGGNJBBIMB
BSMMXIAHPOTGOLCWGSDVNBVBSOHKWCGRUNNLWGX
DVUPVUSSVUNXVUPDVUENVUUWVUOXVUPKVUBIVUD
RHPJDGNQRQRHPRMGNNQRHLPARARMGPARMMGNQXX
JMITJMITJMITJMITJMITJMITJMITJMITJMITXXX
HHXEEOETIAFMQLDBOPEVGIGHLYRBTLVBOPESRLJ
MVPEAWJYZEPYQGHCUTUOAVBXRLFOWOJEJVWZXXX
QULHVVYRVSOLJLLXKQBNWVBHKQWAOKBCPJLBXXX
IRTOCRTJYRTERRTNHRTNIRTZYRTYDRTJIRTFXXX
UBCBBDEBBFIBBJKBBLOBBPMBBNSBBTGBBHQBBRX
HTSUXNBCYQKNBYWHYVWALLAJEFJDBWAJIVZGJVV
LPNINNNPNNIIJMQNONPIQHPOKOIILPIPQHNQHPO
XTEISTKNEGSQSWNTKAYNVBRMDMKJUNGYBSMYBNR
WXVWVZXZWVUZVRYYTWZQXWYTWUQZTZQXXWUYZUW
OWNDWNOYWNQEWNKEWNUAWNUGWNQJWNZIWNAIWNA
WYPLMWPSLOCYRECMMTCIBYVJIBQWPYWQHQGOXBW
WRQUIHRHDEZJGASNJPKGASEECLSXYJHJGASRJUY
DFEDFGGEGGGFEGDGEGFFGFFEDFFGFFDFEDGDDEX
OOUVULUTLJNLJNVRLTLPUVSOTNOLOTRSVNNPOPO
QOVPIENBOKLWOJHITTUSRXOVULRNDDFJHPXYIDV
SAAAAPOOPHHHGLLLLEFEFRQRRDCCDIIIINMMNXX
ADAKOZAKUHAKPTAKGRAKBJAKKYAKVFAKCVAKDXX
TAABAACLAAMHAAIJAAKFAAGNAAORAASPAAQDAAE
DQXHQXUEQXYRQXKUQXCIQXKPQXHIQXFIQXHCQXZ
GHDWVWDVGHDVGHDFNEDVWDOPFNEONPPUDEGGHDW
EVBXHRMWUNDDVUEMXELRUXXXKVPCEFTTSLWPFTC
MLJOGFNPOBNEIHAKMJCDGEFNJKDAIFOGBJKDDIP
ONNPANNBENNFYNNZQNNRSNNTCNNDUNNVWNNXXXX
RMLOQMQOORLKQOLOLNPMMSQOORKQOOQRPSKQRPX
TBAACJAAKFAAGLAAMNAAODAAERAASPAAQHAAIXX
RSTSRURSUSRSTSSRURSURURURSTUSRURURUTSSR
SGMMFKFQNJIRHKIKLFKHOPSIJHQLONOIONSIJHX
SSSUVXYOQPWPOQPVSSSPWUWWUWTVTUVPUQVSURU
JDEGEKHEDHJEHHFDDFIHIGDIIGJFKJEJIJIEHFE
AZBQEYHPYSOKZQJXTUOUVRFPPGXRZJMKEJQARZJ
PMLNQNOMNONMMOMPQLQMMLQMOPQMLNLNMLNNQNM
BBABKKKKFFFENNMMHHHGIIIICDDCQRQROPPPXXX
VMFXBKLOSFCIZVOVHKWVFNAHVHKGIIIUXRQDEEH
XQMKBKQFOQOQDSIXSPSPQLRDXQQLQFBKIXDSMCX
UBCBBDEBBFKBBLIBBJQBBRGBBHSBBTOBBPMBBNX
PLLGUDFPUPATDTNBPLLTITDNUKTUDFAFAESTNPK
BJIIKPIIQVIIWZIIALIIMXIIYNIIOTIIURIISXX
UUJBDNOTYPSRRNBFUUMXQZZNOEHLSIINHNACXXX
GHKMIKIVKLLLLRRRRRLQTVKKMSISIQTRLTHKIGH
EMCDMJIMIHJJMJEEHFMBAJEEHBFMBHAKCFMBAXX
NTUKSBYEYZRWKUUXBASKQWCYWMIOCAEGYURKWXX
KRPOKPRSTTKPTUKQMTPMKRQPKQTUQPLMRSMTLMX
VQUVTRVURVUQRUQUTRQVVUUUVVQQRTUUUQUQQVV
VUTTPWPWUWVUTQRQVRWPUWSSTRVPSRQXWXUVPPX
ONKQJBNGLEAELESNRJFFIJEJHSGOESOIGOOAMOI
RRRTQSQTQQRRQTQQSQSQRRRSTSSQRSTSQRQRRRX
ADUHBQHZXVWQREJJERWDTOPKYMEZITYEJHAJWHN
GRIWLTKFNJTALENJUZDEGSXXSMBPCMHPMHWWERS
QRXTBFMIEWEWPCGMNTVFMIPCGMFOQRBFVFCMFOX
PXQZGYITVQJDOSLNHBEHTUPUJRAWQGXQYWUWNNH
PUJOROTNAVVYTNICCEROICAVQDUCVYDMPUCEUCX
LAZHTZALYNFNXMZQUGFCQOLGTFXJDZKUWYFCUAJ
TSSBBABHGGGMMNMLLKKQQQQJIIICDCDEEFFOOPP
ZZWYYPZNSKLIRTOLSXRZJMIRXIZSNROOZRNOPLS
UNVGEAFHUHTOSEQRDMHTYPYPAUBIZKLECIFYMIO
UCDPTFJLRUCDPDPTCAIWCMUCDUFLFFJLRLFMGXX
RUQTWSRVQVSWRQVSRSVTVUWVWVSRUVVSTUTVRUV
KPIOKQNQRIQGOOQHGJNNNHLFJPKQFQMLRLGMFJF
TBAACNAAODAAERAASPAAQJAAKFAAGHAAILAAMXX
DNLMZNLGZNLTNNLWUNLJCNLTUNLPRNLKXNLFXXX
KPKBPKSOPKRWPKQAPKNTPKUTPKKCPKZIPKQEPKT
APILTERNQEFDQXYVVOQZOSJSVAAWHTQJRXEBPDX
DNNULWNNDHEPEVNNGTGDRBEGKLDGPBPEXTGPLUD
TABAACFAAGJAAKPAAQLAAMHAAIRAASDAAENAAOX
JXPGXPTQXPVMXPBRXPEWXPQKXPIKXPOKXPIIXPD
YVVCPNLRXWHWHLFLFFPVCEGEGRQOJYVRQRXFPCP
QQPSRSPTQSTSQQPRRRRSPRRRQSPRPTQSTSQSTSX
ULHUMSRANVKAAQTAHPBSMPFMZUMBEXQYWILIXXX
TBAACRAASJAAKDAAENAAOPAAQFAAGHAAILAAMXX
GONNPCNNDENNFUNNVWNNXQNNRYNNZANNBSNNTXX
LSHJSROLMJIMPMMUKNWPLIJUKJLIOLSHQSROXXX
FFGMNFSGBJQOMBOBACEKQCACFFQCSGNFQOMBEKX
AABXJJAGHVQXARGVCPBLEEKNMPEBMOMGBHRGICX
BUKTNCKSTXTWFOPUEYGIMITBHRWCHZMGNHKOCXX
FCACKNDUMLSIHAQLKZHYIMHHYOLHYOLCZVTDIVV
RSTUTVVQUSUQQVQTSTURTTTQVQVQUTTUSQQTQVS
PSGDDRLMPLQHJTRLDDPENJHLNTHQHILHITLRKEE
QQQNMMQQQQQQQQPMQMQQQNMQQMQPMPMQQQNMQXX
QTTRUGUNVSVUQRQKPLTIOSLTIMJLSSNVQKKJTQR
VKAUSDAULSAUDGAUOLAUYXAUOUAUIBAUUEAUIXX
RUKEPZGSASPWBOHYTPJESGRUXFAFRUKLDVFLQVZ
XKCLGFVXHFXOOQOXVJCQPYEJUINXTAQLQZWAMXX
UFPDHGPAXOBZMARZDSLWTMBSQWYSZLAYZNXJEHJ
MILSGJIPMIMDCRFKREDWTCPYTSTIZYMTJHWMXEK
XZMPTTLMIKMWCFKTMYVJATNTTLRURYQESRFYBQV
SBHXAWGIQMDBXKQUSQJJWDUVUIXAOKREOOSTXXA
ABAAHGGGQQRRLLLLJIIJMMMNOPPPFEEEDCCCXXX
JJJIJKJKKIKKIKKKIKJIJIIIJIIKKKJJIIJIIIK
EGLDEEAAJFJBINAFHCBDBLAHNJFABKGGCJDJHJH
OQQOOQOQQNOOQONOQNOMNQNNPPQOQNOONQMNQOO
CMDCFLNLFINQFFIFFIICMDCOOPQQFFIDNMCFLNL
MQXYMLZCIEOZRYBGNILPBHBKVHPGLLGENIFZFEI
HGLXSPNPDIJFGGKSZJBIQJPHWNXCAICNXDGHSNT
TTSABBBPPOOIIIINMNNKLLLGGHHFFFFCDCDRQQR
NOOPPNPPNPPONOPPPPPPONNONPNNOONNNONNPXX
JQOTXVJLIKKJSMIKJLRUIXVJLIVPVJLRLIVPXXX
FVBKQAVLQNNABORHRDHLGWNDRFOGJGNECDCCXXX
LKKMVKKWPKKQNKKORKKSBKKCZKKAXKKYTKKUXXX
LEXFWGJUNHPJJUMRIUIUKMKMJNWGMRJNJEJEPJX
YXWHWBAGELXBZLONRACXVZNNNJZCJLRLLCFGXXX
WVKSGIRMELIIHLHLGFVVIRLRHELLGWMXYTKKTVW
SWUUVXXMVMWXOUXMVRUXPTVXPRNSWWWXRXOXTPX
DWLXPRRJXMPRRJGLMJULRWRWUFLUDWMJLUUFGLX
BTEUPYHPYHADBTEZJDBHADRYHADJDBTTEUPEUPY
LNGYBTVVLGUWLAVBJFNBJTQTKVKHTTKIIUCVGIG
ONNOMONNOMOMMNOMOMOONNONOONONONOONMOMMX
GKHPRITJVLPPLQORNGGONORTNTKKQTLGNLJGKGG
JPJOORBJKPXNOGVNMMFGOVUBGIFLEFLJBGICYKH
VWFDSQYKMTPMGWEJPWYYRBVYUCTZKYMEJGJYFYX
TPOXYPXSUQWWWSOSQUQXYRPQWXSYZSTSSZYPYYS
AVHRDPEJJBKVLUJXFEDGIROFGQOEJUBIZUOMSLM
KQPQPLKLQMMKQONNPOLLPQPKQQPMONKNOQLPLMN
DOTJPJROGOINNJUREEUUUKPRDUOISTGUFQNGNSR
BCRGONBMQQCBGAOQQCCBRSDHBCREHJNCCHGQQCC
UNQITYKMDVQCJFTFFAEKXFIRJERUKJXFEGSVONJ
DJSNFWGCVXECFBXVBRVPKFDRBDRKFCOWDPKRJZF
EPLEMVSDTMKLXPBVOJNOVWSMEPHHRAPHLXPKHSL
MRPNKTMHLRMOMQTNNNHJLQOTPJKFKLGMGFFGOOJ
VVXVUVWXUXVUVUWUUVUWUUXXVVVVVXXVVXXXWVV
HQXKRHZTICIJATOBLXYMKDNDFMUFYQEMLSSDSFT
OCRZCRPKCRLSCRCICRNJCRDOCRMAKCRQCRBVCRJ
LMZZWBAXUSGQBCBIONMXFBRBKPYOYSUBEYEJTFD
MMPOJNPIQKMMMINPIMMMPOJKIJKINPOJKKINPXX
SRTWLBTKBTCCGWEMITWXNBFUPJGJWGOXRBWBWWE
CJIJRBDGGZDPKTUCGKIPPUUVYMIGJYRMCCJNHCF
UVDYOGRHHFAJQRPTYJNRNPYZBZYOEMGPMQCZBZY
MYDYWLBVAHJGENXMAQTXLVJJHJOIFDXIPCLAZVK
QQOPOPPQPQQQPPOOOOQQQPPOQPPQPOPPQQPPOPP
NMGEJNHSLMLJFJJGENQKSRFQFMOLLHHMNRFLIXX
TAABAACHAAIRAASDAAEJAAKLAAMPAAQNAAOFAAG
SSAAAAGGGGPOPPFEFFKKKKRRRQJJJINMMNCCDCX
JHLIGDOBSOZFDRXYRSKAQRSYKATCNCDLIGFGLCZ
UXVXXWWVVUVUUVVUXXWUXWWUUVVXUXXVVUUUVVU
HHSFHSUQHSUQHSKYHSJWHSEEHSODHSTIHSGGHFH
GFJHIFGGIFJGGFIHGIHHGHGGIHIHIFGFHHHFJHF
LPQOBPQECPQFAPQZHPQBUPQEAPQYMPQEOPQGXXX
TUKAQTKGQJBRUQYLMMIQEHSMOUJBRXONMJMDMOU
NMGLNHQPQOINMHOINPQKHQPQKQKHOINMGKHOIXX
OWVANAPXCUEWAQPYUMWVQBIDNQDXMEEANAPKDTH
JSMOOKQVOOOQTRVQJSMOOOKRVOOKQJSOKQJTRVO
NJPQLJMMOLNHPPNJQHHMIQKPNIHOKMJHINMNNIP
XGTVRJWWTHXIZXTXWVITXIXOUVVZYUGGNJOXXMZ
RHYOKNFAZFJHWRSULDTVARLGAZFBTWMOODTIRDA
ESFALPMTXPXEVEVCMFKTDASFSFAKFCOMXACEMCU
VHPVJQUTTVVQTSNIHRSVOGHQVLHIIUVVPVNIVUX
KOCAZHDLYTFBLSQSRTWHKHHLNAZSOWSJXTBNHJX
MRUGUNEQESNFGJRGKQGLPUEKQGEKGLEOJLSPUTO
GRJVQITMGJULSHGUGJSSWSXLJGVXWKLIKXMVGHI
SNCIWUFVGUCTKUIUSURQWKJRLRBVROCIHNYTJEX
PPNPRRLHLSSOIMRLUPPQHTTLSQKQTJTHRLSSXXX
GFEGDCDCGFGDEGDFGFFCDFDFFGAGAEBEGDEEBGF
TPZDNNOIXLACECQIOHOIEACEWFCLLFUZTPZSEZV
RXLTXLXUXLDPXLHGXLTAXLOJXLTAXLORXLXLXLG
DSPUEVIHQHSASDZOGTRRURRWVHFVWVHYBCSMYTV
YDEICTKLILEOZJZZXWOSDLEOZZXZKOZDJEMWOXX
LGVJNHKOWOWOIJWIKONTPJPJUJNHWIIJGUUJLGX
SAAAAOPOPQRQQLKLLMMNMIJIIHGHGDDCCEFEFXX
TAABBFFEELKLKJIIIGGGGDCDCNMMNQRRQPPPPXX
RCQWULQWBHQWTQQWQGQWPUQWOMQWTMQWCHQWWXX
EYSAYSXBYSTYYDYRYSWDYSNXYSJUYSTDYSHKYSJ
GJJKRNLLTXGXWHYHGYXGPRZZZISSUYHHXUHIXGG
JKHDOKHQOKHAFKHHWKHKFKHPHKHHAKHVFKHWXXX
TABAACRAASPAAQHAAIDAAELAAMJAAKNAAOFAAGX
ZYMMYMCUYMTZYMSJYMDZYMSHYMVNYMNGYMVMYMN
FQURGFDVRHTTJTOUSSKOHFFKSDOOKOFFVNUFLEF
HIIFKJJIGIJKHGFHHHHIKFJKKIKGJJJGFIKIHJJ
CAABCABCBACBCBBBACBACAABCBBCABABCBABBBC
BTMBHQJHZFHGKFCJYKSKJGALLHYHSGSJEICIXXX
HKXVSXJCEOFMGQWXVPPQCWEYCJWIHWIMYXKSLXX
QPMOLZMTTJVUMBVRSKMKOWVOSEIKTOFMNKUTLXX
PTVRTPQPVRVPSTRURQVVPVRQPRPRPQPVUSQQPSP
XLCALCLOLCWZLCKPLCFRLCBDLCWGLCTYLRLWLCG
MWHGLKOQZEUPPEAUREXDAWLFSULUREXAPDRFOGL
SAABBNMMNJJIJEFFFHHGHPOOPDCDDKLLLRRRQXX
WEDDFKDDLUDDVQDDRIDDJSDDTMDDNODDPGDDHXX
WWYVVXXYYYXWWVWVVWXWWYYYVVWWYYXVVWYVVXX
FSSWWRZHDKPDGIHHXGWGUOUSLVXGOODSLVXKBUD
GNNONNPYNNZSNNTANNBCNNDUNNVQNNRWNNXENNF
CVTZJGUZVHEMCVVHSTSTYRKWEMTICMJGUZYRTIX
QUPTUTJKQUQVJKIRTOPOQVTOSJSJVMUTIRIRPOX
NJPLPOLJLKNJJNLJPPNPKJJLOKLLNOOOPKJLLNP
KKIPXUBLBESJIECXUBBIHNWFQQOMUJVDUIFGHLR
JNDGTMVKKKFBJVIQYYEVGPSOOJLJVLNTPYCGFTG
APRRXKJJOZFYISJRDVWTMDOPFLFTTUMZBDWFJXX
QKJPMRRWVKTGLLKGDHWVURGTSVVKDTQRNJPRMWG
KKJJKKJLJKKJJKLLKLJKLJKLJJKJLJJKLKLJKLK
NVQRTZSSRXMNTOLTKSNLPORMJOTUWZYYJQTTTUU
TBAACPAAQJAAKHAAINAAORAASDAAEFAAGLAAMXX
TBABBFEEFGHGHJIJJPOOPCDCDNNNNQQQQKKKLXX
ZCZXOXRGVRWTBWAEJJUVZGUZBQCLGFXFTJSBJKR
PPVVURPLPKSLUXWMKRLNPJJNZSPKVSXKZVSRIZM
SUJSRJVSSUNVSUJRJVSJSSUUJSSUNRKJVSUSUNR
SABABLKLKIJIJOOPOQQRRHHHHFFEFDCDDMMMMXX
NPSJMLLPKHONNLMFPFFNSNEKSIRLLISGMQHGMRO
FJBIWMWODSHSBPLKLPBPWOCBFJLPCBMELKWMHSX
HJNGTOEHNKJOWLYUROFBGEWDIQEBENWXAHUWGFP
LPYLPYUWPYKNPLPCPYNEPYHYPYBRPYKOPYVNPYV
IHJHIJJIJJHIHIIIIHJHJHIJHIJHIIHJIIHIIHI
BBBCDBCBDEBDBEEBDCCEEDBCDBDCDBCBEECCDBB
GHODLJOEIHOFNDIOEIOHILKOGMJCJLHKHGGEKNX
REAGMUNVUANJZFHVYNJIPZEEKKNCDTXKSIHJPEK
IUOYGIIZEZQOEOHDQQJRDYYIKHGHRPYPRIZJOGX
OMZAKXSWDKWWWNFLTUNMAXJTWUWXVWYJJUWLXQX
TSRPOSSSQTROTSNTSPOSNRQTNTONRORTSSSPONX
SABABPPPPEFFEIIIIDCDCMMMMLKKLHGGGQQRRXX
LNNLNNNNNNLNLLLLLLMLLLNNLLNNLNMLMNNNNNL
QUPYXWNPQVRYXWNYXWNTXKLYXWNNMQUPRTXYXWN
HGPENRFSWVOVLWVTJHODVUQGLOFVLWVVKKPLOXN
CKJJLSJJTUJJVWJJXYJJZOJJPMJJNQJJRAJJBXX
HRHPCGQDLGGQBEGHKFQQKHQGRQHGPJCHLEHQFMH
SWQOQMHJFQOQFGHLUUTWMIUTWCSWQGHLUFNFMXX
KTXBOYIQOHJRCSYAGQVDCPTOOZNFHYXTWVCYXOQ
ROGBDIAVNZDYXPGCRTBMGIKDDYVWAITIYNFAMXX
NMUQVJLMUQVINMUWINMYIMNNWINUQVJIMNWMNWI
IROEROUPROPFROXAPROLROBFROTMROKJROTJROU
BMTHIJRQPBMOQPBPBMTIOQPSIOQMTHITHIJLSIO
TTBBBADCCCQQQRMNNMLKKLEEFFPPOOGHHHIJIJX
GBRYHUEUBQCOIXABQCSUQTTPNMCVPZQSGFZLFSY
UTLTBUXNFUEXKQDFDENXORXEWPXDITVVPQWWLOF
PTLVQIIPTLHIPTHHIPVIJHIJHHJHHIVQIHTLVQX
WSOQOHCFCROHDCFMNSDCFMNSRTRTDLCREKEKWSX
IQPBQPLVQPYOQPRHQPBLQPLNQPVSQPLQQPJEQPH
HTLUFFNPQTNDZINXKJCDHTLXXPEENOAYAYNLTZV
ETQRSEFFPKOJWOWMHGJWOWEKUSCCMWNNBSROLUM
NKKKGHLLIHLNNLKJNGHNGHJJKLILGILLHIJMJIK
KNBLAVIRXCGDTPMAXMZYGMROKOCMEBXJPIEJXXX
QSSQSRTTTTTQSQSSSQSSQQSTSSTSTTTRTTSTTSS
HZSDRWEZOOSZNZWJGBKZPBPWEJOODKVNYNQTIJI
QSYRSYRWUXXSSRURSYRSRSYSYXWYXWUVSSRSRSY
TLMPUPYFZYLMNOCUULUHXESRGRMHYORITLNSGIZ
LAZNCQKAHAUHBHFYUUTRKFSSHUJSHUJUMNCKYDP
TMAEMACSMACRMAHAMAJGMAUZMALNMATYMAJBYMA
IVZEVZTCVZLYVZJJVZHIVZFPVZKHVZTFHVZOVZE
STTBBBAGHGHDCCCFFEEQQQRJIIIPPPOKLKKMNNM
RNTKLTPJSJNOJSVPRLVUTOUNVVRTNJVRVPTKURX
SUOTRVVOUTRQQQVOUTRQQVQOQUSVQROQQVQSOQU
IOGEJFNKRNOPQNIMOLLNMKKOIMHLIGFHNGRRHEM
RJEKYYDEGOGOERUSBNJEKYQWYYLPYLGLPYDEGOX
HGGINGGOPGGQXGGYRGGSTGGUJGGKLGGMVGGWXXX
NWLVMQTLNWLNVVMQVUSWXSMSNUNUTLXSMSVVSWX
SSBABAEFFFNMNNIJIIOOOOLKLKCDDCHHHHRRRRX
SIDPPQWJNZISEREHIRFCHFAHXEJSUTTTGMJSFLP
XZXLTPDDXXDEPGTXHYKQFEHMBBZLKBJZVZKDNJZ
LLIKJMMPRHLIKJMQPRHOQPRHLLIRHLLLIKJQOQP
PJRTMRTENUSPGYKFWDSMFXKJKTOPJRTPFLVEUEN
RKAWVKAZVKANFKAAFKAECKAWKKAQNKARYKATXXX
FRPXRZWIHCPMGHGADXLDRAIUCIBTDVRZSTIOQGX
ZETFOBALISSPMYTMYTDAREQINUFSDYZWDXQULGP
OSQOTZQPXXRSRVZQUXVQTVUZUSNPVZQMORNVYUV
SBPXTBUAEYBDASTKVQPEQPQTNFEVPEFPIOPEQWH
WDDEDDFSDDTUDDVGDDHODDPQDDRIDDJKDDLMDDN
KZCLUMCIJSUTCSUSSMJUYKVCJYTKZCLJZJXGZCX
CBBDEBBFQBBRSBBTOBBPKBBLIBBJGBBHMBBNXXX
BBBBCDDDOPOOGHHGEEFEIJIIRQRQMMNNLKKKXXX
RURQMURRPPRTTMSSQPSTNUTSSRRQUTQTMQTRSMU
OTXVQXXRPOQXTSXONNVXOMQWOUNTRQPTOOWQXXN
ESYUXVOTSWXTWHGBOOZSKUKNIBHAXJZZPNFTXXX
YRTNYURYWPYQQXMWRXOOQXQRRQYNQTYYXWYMXXN
HOOWZPNPLVTBHBPSYJGGOOMRNPNPNZZYCSCFIAZ
BCDBBBBDDDCBCDBCBCCDDCBBCDDBCDCCBDCBDCD
FTTPNWPAZWGYBAXUTBKMWZZFKQANPUXBZBVTLWX
GILGJIHFFKHKHMGHKGIKNHKMGGJFNKFKFKNIHFN
VDVZBTYGRRPYTJAILJJKNVJBGYBMGMEIFZFTMPH
ZFELQLRSPXHJCOPKAZFUYTJJTYLKCSGYVZNURQH
GFSOTSTWCCHELUJIZJGPDWCQGLWMASWZSNRFXXX
MIKFPDJJDLEEGQGGEORRRHQJRSRRPMMQNQSSPON
WVVDSTUBYQPUYSOWMDMNJDAFJRHSTUHNMCBNSZE
FEJGJHILDHGLKELIFLKGGEEHIFLJCCCFLKELKEL
CJKYHCPMFFBHJMCUDUNPGLPWXIZOXLOULOWCJAH
KNFSNFJDNFGDNFCXNFLUNFQINFGZNFYFNFFSNFJ
KQRLFZMVOBPYRHOAXPZDYGJQRLAUAXEXEGTSOLC
EBECQEWEWPNAYVZPUGBBLWHESIKFVAWXYAIFAYR
SWPOXSSURXSPURTOPPPTUQSSWTSSROUSSSXXSSQ
NMMOXMMYRMMSZMMAVMMWPMMQDMMEBMMCTMMUXXX
JMXBDRYVESFSYJXTPSPOXZNRTUHRGQJVTQMQSYJ
GAKIAKSLAKSXAKDNAKROAKQFAKJPNAKLAKDVAKW
OIJFEHQHQFJBJOIIJFJJOIJJBJOEHQFQFJBFJBJ
KSANLJSBEWJNIWIOQLTOMZXAHHIOBEWEUXHYSMG
TUVRSSRUTSVSTRURTTRUTVRRUTRRTSTSSTSRVXX
IPQPPRCPPDAPPBUPPVWPPXSPPTEPPFYPPZGPPHX
NPJGMRGRIGKKISLSGRISLLSLSGMRGNPGKKIGRSG
NXNASZJJTPUSTQTIQLXCPVXLKVLOMECBKYODFUI
HBBBCMEAFYWXPLUNHBKEBGRNHBKASWXNVAMTPHY
KEHFHGQMYCEWOWEJQQBZKURURFZOYWORLGAUDPF
NPNFYFMNAMRZTKMPZVXAZXIXABSWALFEBCQCQIL
SAABAMMNMKKLKRQRQCDCCIJIJPOPOHGGHFEFEXX
AFAGFEKGEJEJKIAJBHFEAFKIAAFBKGAAFAGFEAX
VVVZYUXXVVUTZZSZWVWVXXVZSZYYUTYUYYZZUSX
DSLEBRCIOZFRBLCGWYVCGIKBIKPCYFRBNUDYIZY
QSRTUQSSRQTSRTURQTQUQSUTQQSQTQQQQSRRTUQ
JBLAHGBDGEGJIBCJEFJFHBAIIEGEBDKKBGBGJCG
RNPSTNOTRTTRTPQOTRTNQONQOTSTNQNPSTRTPRX
VLTMLTLALTCRLTMGLTKNLVLNLTIOLTUELTJLLTE
LLMFTSWKJTNYJOJGYZEJBCATITMPQNHCBYRUUCX
KMRNKNLMPNRRKKMQQLRKQNOLNNKROQKPOOQOPPP
FSNXSNLDSNECSNOVSNJMSNIASNAZSNFMSNMMSNK
PQWXRWHWIKLHWMUVRPHHPSPLXOKUIRLTUOVLRWW
GRTZDRERKYWZQKFDHSMNSRYHINFXOAFENOFTXXX
NMMODMMEBMMCTMMURMMSZMMAPMMQXMMYVMMWXXX
JEGCFFIHEECCJEDIJJCDGCJFHDHFJCFICHFCEBI
FRLGNISKFELEMBCGGIJPTLFCRKGJTERLDJPSJDK
WDDEDDFSDDTGDDHQDDRKDDLIDDJMDDNUDDVODDP
XQCMKQCNPQCAOQCHLQCPLQCTPQCBYQCMUQCKXXX
OUFPKTHRDHFUTKPQRGIFMQUMMRRUROOIQQUHLGQ
YYXWXWXWXYYWYXXWWYYXWYWXXWWWYYXWXXYWWWX
WVRNRUNUPROOVRYTUUONTRTYWXUONXNTNOYNUQT
MLBGDRQSHOJKMGSTKRMGGLMGKMGKTSGMGSRLBGG
CGEGKODOKOFKFBIHNLLHLEJMOQJDHMLMOQJBCOB
TZZTZUTWWVYUVVVVYXTZZTUTTYWZVUWVUUVWYZZ
TMPQLPIPKJQMJIRSQTMQLPISQTMSQTMQLLKJIRL
TSSAABBHHGGNMMNRQRQPOPODCDCJIIJKLLKEEFE
TEYKSNEGBOJRYVDSKKQTCIAYKFEBBEOCARVMOUP
QYPSTGQQLJNPEBSFMBEEJHXNMJPTGSQXTWAAOTT
GHGDEHFHHGGDGHCEGFECGHDEDFFDEHCCHHEFCGH
CBBDIBBJOBBPGBBHQBBRMBBNEBBFSBBTKBBLXXX
ABBACDDDIJJIQRRQOPPOEEEEKKLKGGHHMNNNXXX
USUNUOPUSUPTNRQTTUNRNMPTNRUSNUPUSUUTTUX
JVSPGXMZXVPROHTYMRTTGMKMNMYTSNZPQORKWYM
IBJGQWVOBEBXSDUBSWKKKWXVUMOKYAIUSJUUEQA
DAMCWNFXPXPJNCWPNMCWPWPNFDDAMPNFXFXPJXX
SMNMMKJPQQVGVMQLJKJKSMVMPRQQVGPRJPMKQQX
TAABBEEFEDCCCKLKKGGGHOOOPJJIIMMNNQQRQXX
SBBAALLLKCDDDEFEFQRQRMNMMJIIJGHGGPOOOXX
TAABAACPAAQNAAOJAAKFAAGLAAMDAAEHAAIRAAS
TTAAAARQQQHGGGDCCDOOPONNMMIIJILKLKFFFFX
RQQSZQQAFQQGTQQUHQQIXQQYVQQWBQQCDQQEXXX
TTBBBBPPOOKLLKGHHHMNNNEFEFJJIIRRRRCDDDX
XHTAHTCYHTWOHTNUHTHIHTSFHTLIHTSYHTNMHTZ
TBAAAOOOOEEEFMMMMCDDCLLKKIIJIGGGGQQQRXX
NDMPVGQKVONJDVGQPEJRDNSJSTRSRGKSRUJKTQS
BYKRYKKMYKIAYKJYYKAFYKZZYKPVYKBSYKFZYKQ
UOSFNLJKRPRTMOFHNOAPHVOLBATOPVTPMRRYFJX
RFLZFLWVPFLJFLERFLEPFLMVFLOPFLVTFLODFLP
FAFCGISSUERJETOUEEHLAORUXKBAATKMFEGOCXX
RQNABFBIACYOKTOHTLIGLPWLCONTPMJQRRQGMEG
LPOMJKKQKJPNNNNNKJRJRQLPLKNRKLLKRQQMQLM
MSGFRNWMWBBZCEKWCLBUUPKQIPVNSJZXPJDPZCE
TSBAABNMMNIIJJKLLKQRRROOPPEFEFDDDDHGHHX
BJIIKNIIOLIIMXIIYTIIUPIIQZIIAVIIWRIISXX
FIDGHDJKJBGJFKJGHKEKDEKGFEFFCBKBJGGECDB
GEDDLLAJAAENMJEKEENMDJAIDGGANAIDEECBLXX
SBBBAJJIIDDDDKLKLHHGGRRRQNNNMPOPPFEEEXX
LJMKONLMMNLMNLKLKMKMKKKMNLKMNLKONLIPOKL
UZBZZBNHZBCSZBVWZBGPZBOZZBGSZBVSZBYVZBL
TABBBJIIICCDDQQQRGHHGOPPPMNNMEFEEKKKLXX
SJWPJXKLHTHXSUQIDCUIJFJLCTOWWADZXREKXXX
KJICGLLDBBAEHBLIDEGHFBFHHFGGLLADEEECGDJ
TVTTRRRTVRRTVSUUUSVTVSUSVVSSVVSUSVVVSUR
SVJURKCNNLVBKQAHHNEVWPDWIMHGJGTHFRHABBL
TPEZJULGOVUARUMMGKBCJHDSLMNCQKHNTZJZZEZ
JJFMJFGZJFRTJFEWJFKZJFSMJFWNTJFAJFYJJFC
HHFCEBFBFGDBDHHHHHFDHHHEBFGFCEBHFCEGBDH
PCKTVJQQMFPOIPLMCJOJCNFFWXPFKVMLUFTPOEF
MTLASIUNEYRHNXUUWCEFTQESPZMWCEZVYOOMMKB
PKMKQWPKMPPNWMKQLTWPKLPPNSTWPKQLPQLPPXX
VDCCEPCCQLCCMNCCOFCCGTCCUHCCIJCCKRCCSXX
TKNVIPXXLMQMLVTNVIPVTKNPXLMIPXLKNVILVTK
SSSAABAPOPODDCCQRQRHGGGJIIIMMMMLKLLEEEF
NNCGFHKMLCLCBEBOHILBFKMKHKOLGBKKIGCNHIN
GETEEDPOEDMYEDWSEDLAEDHCEDZUEDSTEDEYEDQ
TTBBBBIIIJMMMMHHGHPPOORRQQDDCCEFFFKKLKX
IHTNFMEVOAFHXUMRYTTULZURPTZZXZZEAEIIXXX
NQUFGUHTZQSXCSVRIYEHVHRSYOUEBLXUPDNLTIT
UUGIQHQJMFHJMFHQVLHMHJLQFTKMVHHVFTUHHNK
TSSABBBCDDDHHHHRRRQKKLKIIIIFEEENNMMOOOO
FAFDPRHQABTHLBKTMNPFJSPPLLFPMJCFJDFKPKQ
DTNUUTUQMWJGMTKMPJTQBRWZXFVXURKKZAGIPXX
GIJGHHIIIILIGGGHHHHHKKMGIJGHHHHGJGGIKLX
PXQOVPUUTPOPYUTYWTOTUNPOPWPUUSOZXUTWWXX
PMDUMDVCIMDIMDERMDZJMDIFMDRQMDLMMDEXMDC
AABAJJIIEEEFRQQQHHHHNMMMCCDCLKKKPOPPXXX
TJLJHPIRQLOSMITVOSRQQMQLTVMITJQMIRHPRSX
KDCTEDFXAYEEEKSZNRWDSKGSNCWFUEVGWGJEVIR
BABAFFFELKLKPOOOIIJJDCCDQQRQGGGHNNNMXXX
SBAAANNMNGHGHOPOPIIJICDDCEEEEKLLLQRQRXX
XJITXJIMJFUFUTXHPMJUTXJJITRJFUTITRMPMJF
AHIHHJMHHNQHHRYHHZUHHVKHHLSHHTOHHPWHHXX
SCQVNPMTRMZUSTJULPPZLGONBDOGSNKYUOWJLSX
AATZGYEKCYLAFIHGIITEGDNLKCYMKBARCBXEZLD
TTAABALLLKOPPPQQRQNMNMCCDDJIIJEFFFGHHHX
SEIYOSENLDUOENLOWLGLGYOJDKFIYOEKFJGJGOW
JQUPTTUJNTMMTUJUTMQQUNJQJTNTUNQNTUTJMTJ
UFPNIKPXRBKEUJOKXPMLAICUXRZEMFNZKIRNBMX
JKHIGJJKGGKHLJIJHLJGJIJJKJJGJJGGGJJKXXX
BHAKCHPPKDACJOLIICBEGMCPPGHHLIELEIIAJCP
WBAOQMJLTDILCBLIWXNNYOWJIOUURNLLWTEZWUL
KHHGQGGNFDPKQHUZNJHBZKSVWVCXRJBNJHJNIPK
THXWHXWUHXXZHXTKHHHLHXBOHXXEHXKHHXZPHXM
ZSDMKFXAKMAGBPXWFVQERZFSVHOYAOUEAFFDTAK
SFKRXUGSMDMKLFMEXVCLBSLQYYBVFYBXXNCQXXN
USSSVSVSVWVVTVVWSWWSWTTVUTSWTTUTUSTTWSX
CKTTRALFYNNJKEYRGZNALTBWNZQQWOZPLYGALZO
DHLCEEFFIDGCCMEEJMJMHJHJCKCMFLIDDHCKGCX
PPJPAVEGROCAUDOUQGWLWUVZPWBZOWXCRPPAOJY
KOIGWDBHMHDAQCPANJDUTKJVHMHHLHLNAMNQXUZ
MTLVSPQUQETKUCIYUDHBPEAMDEZYCMQCAQNJYCM
HCGGBGWDXUZIMRPDKHDDMHWJALNSVIWKMGMSSWV
SSSBBBAIJJIRQQRFFEFDCDCHHHGPPOOLLLKNMNN
RLMTNHVCEYGYEYBDLQGRBEICZFLSKYERHWBMXXV
URGLFKFGPXKQVDVKFUZMQURXKURUZGPDVLFGLMQ
LNNNLGLLILILNNLJILJIGJIGLNNLJILNNIGLLXX
FJIIFIFHFGFGFGIFIHGFGHJHHFFJGHFJHIJFIJH
GAHIWFEBADJKXQUMMMZSFBKXBLFWHLEYLVGUBAD
AHIHHJUHHVQHHRSHHTKHHLOHHPYHHZMHHNWHHXX
CBBDMBBNGBBHIBBJQBBRSBBTKBBLEBBFOBBPXXX
SUZOAAOUKHNGALLIDRBTOMPGNGVDANFTOMPOGVZ
MFEQTCPUPJFGHUPEQVVVVILYLMFJFQTPMGHCPYL
ABAALKLKHHHHQRQQFFFFOOOOCDCCIJIJNNMMXXX
HCKEIJLECCIIKDEEHIIIEGDFLFHHKEELCJEDELF
OKPBRCUCZHWRXHCVEXTHPXDEEOOLXFGJCZHKTNU
KZCMJGVNQSNTPRWXYMWKHMVQCBSRIVDETPRLPJS
WODQYCKUOCQELJXQHVYMQYNNKJYJLHRJNOKCNZU
KLFAIHIHDAFAIHKCICIEFKIHDAKCICIEFKAKJIX
OEYIQXGAQLDSEANRSDWCXAIRNNZMVQDGNLMVYDX
HOHSJITKIKERPOHOHPFJHOHOHFJJKFJJKJHFGXX
ZYKFJTOJZCIOKZGKRVYPPTXPPTXOESXTFJROONE
HRXGFIGSQWTHCFJWWNEQOXIOWPHIOPWDOMOCQJU
ABAAQRRRJIIINNNMLKLLPOPOFFFFCCCCGHHHXXX
HMNYNHKRNSRXCPZQBLDAYHHNSTQAHEUDJSDNTWX
IYPQGNWUKRUTEFWHOKTUVJHVKNUEHYVHKFHWEIE
RVCMMFIFUJLIRAQOBURSKZNKZNBRACMBYMGAYSL
ESYESBFUJXUXIXPBYHTDDLBRXQXBTRMCTFDBWVX
XBREEYRLCYJEQVTPPADDIDOFWTPALHEUGPNDXHB
EDHFHGDGDEDDEDHEGFHHGDEFDEGDHFDGFHGDEGF
DCCETCCUHCCIPCCQNCCOFCCGRCCSLCCMJCCKXXX
FGINWBRTNWHQIQHMDZBTDFXGIQGEIFGUGJQFSDA
CABLXBZZYMWYGPXFPDCHEUSXQNGPUTRAUOXHEXX
DGGNAJLLPGHOPIBBOREHQOHOQKDEMEDNRFOHKEO
DGHIHILKDEMDDDELJFLCINMIILIMGNDMMCDEMIK
CUXZVYJMUVKMQUKHCXOKSXCBKYSNNVHUBAQLCIA
TBABBRRQRFFFFGHHHCCCCIIJILKLKOPOPNMNMXX
FZONSOLYWODXBAZGCZRYWVMHWCDWCDUJLBHPBAW
CKJBKNIWMUHTKWJQTHEYKMHDSIAKJBSBXJMYBHY
DJRXRXVVBFMQSPXWOPPVBFGQHXRWEXMTFIUJZAU
HGGIJGGKVGGWNGGORGGSPGGQTGGULGGMXGGYXXX
TSPUTOWTPTSSWRSRPPTXWQORVPXXXUXSUPRWQPT
JKKLKLJLILKIKILKIKILJJKKLIJJLIKKIJLIJKI
XUXQWNLKLUBFWFLDNOLZXULUBFWFLKLULZWNLDX
AAAAMNMNCCCCKKKLHHGHEEEFQRRROPPOJJJIXXX
STAABALLLLOOOPQQRQEFEENMMNHGGHIJJJDDDDX
TSSUBSSCFSSGHSSIVSSWJSSKDSSEXSSYZSSAXXX
ZKJKFUQFVEEHCNPJCTZYFINKJKXFXJFJSYMXRKT
TLHOMNUJQRONFJQFJQRMNUTUTLHQROMROMNNUTL
LZZZVEFVHXOHFQPQMREIBXWDKJYTWJHDDKJMBXL
VPGNSTRIULFFVPSTRIULUTSLHINSQQQQSLUTNSX
IHJIHIJHJIHGGJIHHHIJGJJIIJJHGJGIGIHGHGX
PFXOUBLPFPQTHDVHDZOIJGIUZLAEBUNVMWLZQAG
BAACNAAOPAAQJAAKDAAERAASFAAGLAAMHAAIXXX
ZHGGIJGGKVGGWLGGMXGGYRGGSPGGQNGGOTGGUXX
UONNVQUTYRXSWUNYTNZTKPITQMZNVPQZTKPPRJR
VDCCELCCMRCCSPCCQJCCKNCCOTCCUFCCGHCCIXX
XGVJAJBNSUVZPBWUIDYHJJINAPPBTLHGRWJWAOY
SIPOHMNMSKQSMLQPQKJKKUSQOSGJRMMQPHKNHVP
YOVTVVXCMGYWHTILZQGSJDEFKSEUJUKRIUVZXXX
TQFOZWWVYMTSZFDXMQGPYRMGHLGPYEDFAFHEXXX
KUSRODMHMEBGWUUEKKRUPBHBJNKHLWGRCHHMDID
ZPMNLIBQJKGQIZHDGRZZBGGPXJGPFOIAWRWWRWW
FRGKJWFLVRURSKEZXEXRDOMJBUDATHXDFCBFRGK
THQZPFHIXOQEBMFKAQWTSZKEBMFKDZQQKYPYHND
OZCTHRHCPYHSKDHRHQFZZYBIENLDVVOUZWONFUF
QJSIFZHOXHYNUKDRNPAIBJLXDADTKMYPGYSMZIE
KRBZVDWSQOIQDWSBJXQODWSBSBHDVRXGDWSBXXX
XPFKPFAOPFFWPFHXPFKPPFIKPFPOPFTKPFLZPFO
SMOTUPKSMKSMOKMTPTPKSLSKMSKMTOTUQMTPKXX
ZHGGIRGGSTGGUJGGKNGGOVGGWPGGQLGGMXGGYXX
AEDBACECDDEEBBBDDEEECDDADDCDCBDCAEAACBD
ATKKWBQGZKAIBEYMOLNQMKENOFDKOOROORCZZUL
EKKFGEGKJGJGHGHFIEJKJGJGIFJKGEEGFKEEJFG
SSTBBBAHGGGKLLLRRRQJJIIDDDCFFEFOOPPNNNN
TBBABIIIICCCCGHHGLKLKQRQRPPOOFFFFMNMMXX
QQRSQRRPRSPRPPPPPQQSPSQPQPRQQPQRSSPRRQQ
GFFHMFFNKFFLQFFRUFFVSFFTIFFJOFFPWFFXXXX
TPNTNTAUJPKRETTNTARETPTAUJNTAUETPNPNTNX
UQLCGSTZTOABYWIMUSNCIVJENZQDBKAWPXVDPXL
BUPURSCDQBIPSAOGFRYMXGSRYOVAWOCGASDGFBE
GNKELPLLGOZWSPFVVSEUEKBQVAYDMLOFSETOGKR
JLUCOLSQDRGJLUNGLEYDVFPIYDTQWSQDRLUCOLX
WWPRHGSPOMAOWRZDNBPNBHZVMCRDHJLFRCTLJAX
LWFXPLBBVFMALHYNJQGQOZHZYZGDRGQFGLSPXXX
WHZPZNZYTWYYGRJXKOQFULWJSPWWTIXZVWQQSPY
CCNRDJKXUEWHWFFLDKONVUKCYGXGUZHZRJEHDWM
ECBCDFCEEECDDDECCCBBECBFCFBBFCCCCCBFCCC
BPIRHGXMYRJSGGARAPJLYKAJXMMZYTJSKRMXTMX
TBABAIIJJFEFFLLKLRRRRMNMMDCDCGHHHPPPOXX
GPKPJKJKRNMEEQNORENLROFIMLPHGHFHGHFLEHI
HDBCLXNFKHMVYQAINEBIQGIEGNOKKDRGKLCIJYB
EDCFCEFDEEEEFECCDEEDEEFEFECECFFECDEEFFE
LKKMPKKQVKKWNKKORKKSTKKUBKKCXKKYZKKAXXX
CFWUFWZJFWKTFWWRFWUDFWWMFWMSFWDYFWLZFWV
HFFFGFFHHFFGHHFFHFHGHGHHFFGFGFFFHHHFGHG
LMQKLFGVOPUJPGGSLKQPPHMMQKUTVPPEOINNNFL
AKCUWBASZLIHUCEFWNADRJNQLRWJLSYEHKQPXXX
YTNPNXYPSNVTVYWQPQRTVSPNNXYPUYXVQTNXXXX
WDDEDDFSDDTUDDVQDDRKDDLODDPIDDJMDDNGDDH
DFAGGFGCASWUBWUTDNROFYXXINHXQGUWUQQTLHT
HQEGMPDFHBGEIPMKCMJBQMHIFJDKBFHBJQGCCIH
EJNYSCGYRPCEVQFZRYMROOIXCJNARZSVQUOBXXX
ZHGGIJGGKNGGOXGGYVGGWRGGSPGGQLGGMTGGUXX
KUSWVVCIDUMVVCSHLFFIXKEMNTUIWRKHDSTTSPO
OZLCZLWYZLUPZLCSZLNTZLFLZLRPYZLDZLRIZLD
LNKKKNNOOOLLNKMPLLNKNMLLPMMOKOKLMPMONOX
EEGFHGFGGHFEEGEHFGFEEHHFGHFHGEFGHFEGFEX
UFKUPUJJUFTIJJIJKQMTTIPUIJTIUQRTTIKQMTX
SSTABAALLKLDDCCPOOPGGGGEFEEJJIIRQQQMMNM
RQKMTVKISGKKVPEHEEVMOFHEPNMVLTGKIOIIEER
KTLJSKMQNUTTRPRPKTNFTTKQNFNUOISKQEQEMQX
SZKDBRMSKZMVJTWNRJWCRHCATDFTYXSZJLENXTA
VNNEDKOUTRINPHXCAHUAEYLPQQZQKYJJFVGQUGX
BEEUNDFKDMMEBDLULPIOVEQQFFUWNHRECFTUXXX
OVVNCLMRMRDTUORBHWTADJBAHVAOQFOWSIAMWAW
AQFTFXFFKAIHQDWCNVXGSHUKENGWIVUWNVEMRMC
BLCXWIXBSXUQAXHJTWMDAFSSTGVRKLNDPCVXOVK
JLMJLMMKJLKMLLKLMLMLLJKKJKJJKLJKMLLMLKM
EKOHFPFLKNKNEIFKFLEHNCEIEHJJEKIMFKNCJJX
OLPELPEBLPMXLPSILPCNLPSSLPMQLPGNLPMKLPG
TTSBBBBRRRQKLKLJJJINNNMHHGGDCCCEEFFOPPP
UOQYOUOCOQTTOQGSOQOAOQOXOQUIOQYPOQZNOQZ
RPHFWCRJQNGKAQDVPWPCUIFXFCRNNDXTTQCXFPH
SQOVWPQRSSQXXOWPXRSSSQXRQXPUTVXOWOTVQRX
TAABAACPAAQHAAIDAAERAASLAAMNAAOFAAGJAAK
XEFEEGREESTEEUPEEQLEEMNEEOJEEKHEEIVEEWX
OZQODSUNYQQEBRLSQGABHJANQCBNCGGPNQCEWSD
PDFUHINYXBMRBFDAPFEDCNRYMTXGLPHIYYCRXXX
IVWIVKMKHWLQMKUTLVYZUTVKJKLVXZJKLQHWYZX
HIIIJHIHHGHHJHHGHJHJHHGIIIJHGHIIIJHGHII
WSFNSIBSTKIMUVPVKFWWUWQASJFKLPNKLKTVATX
CBBDSBBTIBBJEBBFOBBPMBBNKBBLQBBRGBBHXXX
RRSPRRRRTRUSTTTPQUTTRRRTRPRRSPTRPQRPQTX
CFBDGAAJJKGKFJEDBBAAIEFJGHADGKADJCBADJX
KRLPKIKHMJRORMKLMJJLNMONMRHNGOHQHRKGJPR
HGJHHLKGKJLKHLHIHJGHLKLHHILGKLGLKHHLLKH
JZJONSWXPPNTRTRJZXPNTNTRJWXPNRJZJJONSXX
JHIGPMARVHXGYNEVJHWEAJYNWEAJEVTJARPMTJX
BUOOUOXRUOMHUODEUOODUOWBUOYIUOCRUOTIUOR
JQTRNIVHRRWPKRLKKRTSWPNIWQKRJQWQTSRRLKX
PZXERJIYJWLTRZXCXSIWRZZHXJIKIWJNFIRNFIR
IEKJGNEMCIHEJFCMOMILCOIGCJMHOELEIHGIEGE
YYMXOUPJWIVXZINNKZJMIPXVOHYJWYMIHUJYNKY
SXECKUESXDGWVLHKQLBFNKZNSXDIMIHCYTCETSG
UYSDUYSDUYSDUYSDUYSDUYSDUYSDUYSDUYSDXXX
SNQMPSQORRQPSNTPTQTQMNTQQPSNTQMNSNRRTPX
BABALLKLNMMNJIIJQRQQHGHGPOOODDDCEFFFXXX
QTTOCADPMVCNKGKGDPXUHJCMOXTOCADPMVQTTOX
LKEXNYTMKZWRDAISOQISSRGCBHCVDEGIMTOEGVM
EFANAAECFRKDCFRNMRBIFENRBEFRBEFAELDQIFE
SSLULSKKMROUUMKJLRUSLLOKUOJKPKSKKIKOLIK
NSDJKANFNHPENFHOSSSSNSOIMOMOHOKAPEEDOIX
HYINIQCNOKGEJTWONRLHEXXUDJVRZSFTHFRMJNT
DODKJPQACSKQALPKNWPDVSYIYHBXOMRJOHBKXXX
ROMUJQSKJKNSTPKTQPOJPLULONLLTQPRPMKQLTM
RTHFRMPRRNMLJGGRRTJVMLQQJVRNQQRMPRJGOIX
ZKITXIGYCWBKISSUAJLBHJCIBRDBDBFSMHUNJBX
TBAACLAAMNAAORAASFAAGDAAEJAAKHAAIPAAQXX
MXEUBJBAYZGQXXPQLWTCWFLOSZZCWFLWNACEKAI
IJLGMJJGIGGKHLJHHKIKHLJILIJGGGIKJKLJKHL
ZZRTTDLRKIBSBNFULXDPUUEVIFGMESIZZLBRUEJ
OPPRLPKQWTMTOPXPMTLPWTWTXLQXWMWTXPXLQXX
KTMUVWOAFJHMUNRIIRFPCWOUGSNWFCPVQIMEXOF
ONTRWWNYYQRVSWQNMOYTYNOSZPTQPVSTUUVRYNT
XVWUQWTQVUWVTWRWQUNQOYVTURXRZVXNPZQNWQQ
HUYKQXUXKSJIWPTVJJOOOJXTEWEUXMVERYHLPII
ASKLRQUVVAHPMENGEBMGHNWOSCLACMWOOVHOSCL
FFCDDFEBEEFFBDDBFCCFFCBDCEBCCBFBEFBEEEB
RXWVWWVWXVWXTVRXWYVMOXTYVNVRXTYVMWXTYXX
GMBCMBZFMBZGMBAEMBERMBVUMBOCMBMLMBAVMBU
AABBPPOOJIIJLKKLGGHHFEFFNMNMRRRRDCDDXXX
USFSILNZBYQOWLWUUEAEBDKOTNWVOBPZLAHULDS
OBRWSSWOMHCEKMAVYBEELMMBHJDEOQFFRHVAJFW
OQDBDWKMVKHRAPAMVWLFHILLJRMEBDAZIJTAPAV
TEPBKMSMWCOOUATJSXSLTQOSPNPSBXLPADHOFMM
HWHYJTKVECLBMCQFEQZCHVCGICTJSLMPDQAERXX
MUMYUNSTBOWJYHBKRWYHXYQUFJFPAJYCJXTIBEB
NPINPLMNPIMJPLLKMNJNLIJNLILIMJJPLOJPLOX
BOMGSGBZEFMZLJQXBGYPWSLCBCGWZZNLSLXLXXX
LGJGMNLMDEGLGKKNLGKDEGKMKCMGKKCKHLGMDEG
RSQQSSSQSSSRSQSSSRQRQSSSRQQRRQSQSSSSQSS
PHMCIHESSGKRPHESSGIHHMHHMLIKDQBGLLHMCIX
WVUVTXWSSSXTSVSTWXVTTWUWSUUXXTVUUUXVSUX
BSMRTEJKZACEQIUOWBDYLNZXCPRGTQTFRQWOXRX
YBKDKLBAVFOWDLMIRXPEWQWTCKEPYSTOFJIMJQY
OHMJLKLPPQMHLQPQPOLQGJMILPGJOHPONNNNMHX
MRNUTTNNUVSNQNVONPSPPVTTNNUVMRTKKSPPVKX
HJBIJEIJBKEJGEDJHIBDBDJICIDEGAJFAEHDIDJ
JJLBDJPTPBLRRCRQDHGQOBLCIDPMHCOQOBLDKKP
RAQUHVDBMFIKGZBLLVPUZGHWIVHRDVWUYPKGXVX
RTTUQTOQRUQRQSPUORTUPOOSUTOOSOQTPTRPTQQ
QFFMLEIZIVYJABUEIZYPESAEXWALLURWZHMWHNS
CSKPGKMMSDCHGIGKCICRJCDCDSCCCCIIEPHDCSK
KIRSTKHPSTKIFNNKKIRNNRJNNRJIFNNIGMIEENO
ANJSAUSAUSIANJAUSJMLIAUSJCEMLINJSALIANX
KQINBTMCRFZKJBTPZLHFTJATJATDFWZSPBYTGOE
LOOJQJLLQQMPIMIMLPQJKQPINQJJNKLMJNMQOIM
GJIHJGGGHKJIJJKIIJJHKJFJKGHKIGIKIGIGHJG
CFQYUQSGSIMWALZQGHGHPLYYUKWBQLRGPEIHGFQ
WKHNISXDYNDGEHYAQWFKMPKKHTLMECEUOZUWPXX
DFWTTJSPLEXFBEEMJTGTDYMIFZROQJBMJTGNYTJ
WNFAMMFVPXLPZSAXWJTYRSUBEXPXQJDSDECBQXX
DQSGXXFELFAHJXCOQFNIJBJXLIUHMEZYUVJXFIG
ILJKKKNMJNMLKKMNOJLLNLHMJKLJNNNHOHNNLJL
HBOWGZORBIZSNCXOSAKDSAGOSAKKPUKNFCKRLNZ
BWGFUKANYHREOBWGFHPNWZBWGJYHRPHPNBWGFXX
GHHHEGIIIFIEHHEFIFGFHEFIEGIIFIEGIIIFXXX
GGGEKKJHFHIKFFHJJJIKKFJJHGGIIHKIJHKFHGK
GMHLOZZLNYUXTRTRZLKOFQOZIWFQIGIGGMNYKOX
TJBRATOGLRWTFRBOZOFQBOLUIEUEOXIHKMPXXXX
CLRMQEFDQGCSODDLLDJFNPOGMHFFNJRJRQGRNOS
PUYMELHIJONEVEFUUUIEMTPFTTXXLXENQUXXJTE
LYRLFHJBHTDBGLGOZBOSIDDVNAYMFHERLEITBIJ
HHFSKDVEIDTAINTVVEMCVVELUOOLEYJGTTKLZCL
UEWQPTCHUMOGJQQLFUKKVFFFXQTEOHULFUKQTJC
CFIGNJJDCFDCFIFIGNMDFJMMDFIMMDDFJDFJDCX
AMAQEGGHNNDEEUJGDKNTOQEJJPAJTDBBETHDGRT
IMOPRKSMROUIQLKMOIQITOPKLLKPOSSRSRMKRXX
KMIMSVLHSDUWUVERASDTYGFZCNZHMWCPSEITYGF
HLJOVMJVZRZQSWFHWHPMRGPHDGXUAVIVMKYHGGX
NOHKLKIPNLLONKHLMNKIHLOPJLLHHKPLMPMKLMP
XEFEEGPEEQVEEWLEEMHEEIREESNEEOTEEUJEEKX
LEHSEHDLEHXNEHNTEHXWEHKJEHZKESEMEHNKEHK
TQWWXROROPQTOWXOWXRQUTQXROPOPQUPQUTUTQW
OKPLQPXTLIIZQNWMLPQIYTUNMLPJPZXQQIITVUK
RGTMHMSHRGGQHGHGPOKSOLHLKSOLRRHMHLRRGQX
WXYZZXZXWWWZXXWXZXWXYZZXXZZXXWYXWZZXXXX
PAULTAEWOGMBZFKTONNCTBZQWVLOOQDOCCFLERX
JXLXUHHHHLFHLFLLFLJXLXFFLJXLXFMUHHLLJXL
INGHHXXLQMEDXSQYZLABBVKNVUCWBVEIDXSZVIL
TBAACDAAEPAAQLAAMRAASFAAGNAAOHAAIJAAKXX
HJHJGHJGHLMIIMIGMGGJHGILLGILJIIIJMJIXXX
IOUCATUDGTQRWPIGFVWWQFOSXLILGVHKPBHYUCX
FCJGGFEJHDHEHHIIJBJHFJEJBFFEBBHBFFGGFIJ
DCCEPCCQNCCOFCCGTCCULCCMJCCKHCCIRCCSXXX
AABBFEEECCCDLLLLHGHGQRRRJIJJMNMMOOPOXXX
XGOAUXOAPKOACSOACLOANTOAOBOAHKOAEIOAQXX
NXTVFISFEHTTNWNHHGFNLOXSRFFXOIHJGFNFPKO
LSPSODMEUNPSEUNLSPSDCSOUFKVUGLLKUGLPLGE
MDSRGTLJEGEGMDIGNRDNLJGTKFKFHONREKHOIGX
AWIZNMQUBORWIYBQWOLEOJKBKTRYDQREXECKXXX
GMSITTGVWZGANHZTIVSZAOGRVWZZOKEWLLNGBSM
GFFHQFFRSFFTIFFJKFFLWFFXMFFNUFFVOFFPXXX
CJKJJLYJJZMJJNOJJPSJJTUJJVAJJBWJJXQJJRX
XZVGLJQIKNMJQQIKZMJQIIKZXXNMJKZXZZXZVXX
EIHHDGGCDIGIFGEFFIHIIIHICIGFIFGEFDCEHEE
STBAAALKLKQRRRPPOOCDDDGHHGEFEENNNMJJIIX
DGQHOGTLDGRGTLFGRGJSFGSDJSKSSDULVKVKKSX
OWSSTYQXZWWTYQQZQQZZOXUXQUVQZXQXOUZQRVU
QYUWOLQYUNVILVILLNNVIILLQRGNNLLQYGNNVXX
RAFMHXAUOVQZOUPFNZAOYYTSGUNLFZAMAHEHFZO
SYTHJYSIRUSIWXYYFZDSHPIDIWKDDLMMDEDELMI
TOPVPOOORSPRTVQWPVRWSQWQRROTXVWPRVQORWT
FMJKLFBAKJFGKIAFMHHHEGAKMKGBACKACBKAIHA
TTSABAAIJIIOOPPNNMNLLLLGHHHCCDDEFEERQRR
OULWRRNMLOUSLMLJSWRLWJSLWLWJQULTQJQULSL
HPMQWWBFCQILEBNKKIETMZJHUQITFNHHPMQOECI
KPAIQUAIADAILAAINPAIDUAIMTAIFWAIGFAIBXX
VDCCETCCUHCCIJCCKLCCMNCCOPCCQRCCSFCCGXX
IMHJWWOHGLKJRUIOSMNOHGIOSMMNIMMHJWHGLNX
TSTABAANMNNLKLLIIJJOOOORQQREEEFCCCDHGHH
FTFSNSUPOVMLXWXWWTVMFTPNVMOVYHNSUPWTPNX
SIOUGNGQEVPNNFRQKNDOQLKXQTTFIEHGXEMTRFU
CKTRHKTOKKTEGKTZYKTFXKTVKKTNCKTTPKTPXXX
FSGYTGJENIJGJEYBWVQAIZWDMZEAGWPZUONVQUE
EITUENSNJZUOGWJGCCFNSPIBBRPZUPLBRVOAQRB
TSBABAJIIJHGHHDCDDPOOONMNMQQRRKLKKEEEFX
GIIGKJGIIHFKHKHIIKHFKGKHFFKHIIGKHHIIJXX
EEEEEEEEEEEEEEEEEEEEEEEEEEEEEEEEEEEEXXX
KPMDROENPCHNKIGHKPSIJJPCHNJJFLFLGHROENX
THUNWSTFWORIDDWSNOYHPIGVNKRRJSWHYPKXSUX
HOPBVWHMZZNFAIIHFGRKVXNITMXBSQAEYTXXBVW
PNPPSNSSNSJMPNPKMPNPPSNKQOKOKMPNPPSQOKM
EIOMEMDLJLHGEFKIHOEJOOHIINLDMMEMOIDLKLX
JXHTPMGPMGMGMINNGWVXHTPMINGHTPMMGMIINGW
SSSABABJJJIDCCCHGHHRRQRNMMMOPOOFFEFKLKK
ZYYTZIMHBDAOKMRQNNKKPRIJNMZXDPNQNNKKQSP
IKNTJPFHSLUJPFHPFHSNTJPGKIKKIKNKNTJFHSL
BFVHGHFMNJXOZOLPRLRKUNFPAEMKUNFHPECGPJD
EIMDLVWGEIDZRMDLVEIDZLVWGGEIDWGEIDLVWXX
OMSOEIPJCHMXEBJYJDNEWKGZNLDNJIBNQTJWDXX
SSSAABBNNNMIJJJEFEEGGHHKKKLCDDDQQRQPOOP
POMBLSOUCUKYPSNWVERYFCCINJUYFCCLGDOJTDS
KLLNLLLJPKIIKLIILJPKOKOKNPNPKNLLIKIKIIX
ABBBKKLLGHHGRRRQEEFEJIJINNMMCCCCOPPPXXX
NUSTBRDRVQWDHCIECINDERVUADAUZYJMLZHRSUD
TVXVRQQXCQDJLKYJXKWUKIEVTNCEUZWRCXSSIMX
MGAKNKNHANHAKBBMGAKBOAKNHHAKBBMGAKBOAXX
NBKQENBCSOBOIHHFERQFHFOBLGFQBGQQQLNBSDF
EQJNMQIEQJMQISJREIQJNMEIEQNMQIREIECJREX
ZGTJNCOBAVNTNXURZACHYJZXOBTTPNWMUBNYJZP
EKKPHEMOMFOFHEJLMFOIOKMLIPLHHHHIIKELIKK
EPLSAHJHIHGBIWEADNGFBOMUEFBLJQYUCXCCEIE
AHHIHHJOHHPWHHXUHHVSHHTMHHNYHHZKHHLQHHR
ETULETQMQOUMJJRMJJRRTQMTPUFETQFTQMQRTQM
DZOXCPSJUNQFJKEMTHEUFBQZIWNOWNLMQDNFUFB
GFQZATRWXRAPNCIPSYNTKXXVPNVSYNASHNBJLNC
HBCBMHHLEJBFBFCBBEFMJGGNGHHCFHMGBHNGIEG
BCBFBAEFDDEAEECEEFFEEEDEAAEAADFDAAEAAAX
IHAZAHLIBQQVOMUGUHKLGZCTZTKGHWNOZELZNXX
WAPUKDTJUWSQDWWAJHJVAQMYCUKXPCWPDGVBFPX
SSAABAEEFFHHGGNMMNPPPPQRRRKLKLJIIICCCDX
NHHQPKGMQDWRSEUDJYYPRJRMRKHZIJUNBUEHTJX
PUFJEWNFCUEXGBYANYLZVBTNCBMXGBYKIQJIRBN
WTNFLRNRQHGPTVKNJCWFSHOWCQPWKWGEPECQGOX
QOQPQPOOPOPPOOQPPQQPPOQQOQOOPQOQQOOOPQX
AGPOQGPGZGPAXGPMGGPGOGPMQGPSMGPOTGPHXXX
ABAADCCDLKKLJIJIGHHHNNNMRRQRFEFEPPOPXXX
ELJMFJFIMDBGHLICFJDBJFCICHEBKDIDAIBBHDG
HJUSIRJCIUTGDSULIHCURTSJTBHNNJLTJOGSINO
OATCLMRLBCBDKUDNCLMIOAMYHUTMJBFBCRZMDVG
TKRDWNRJMUOJMUOKWUQNTGESWJDXJVCUYZPKBUF
SPRIPUBPBHVKRYDCHQGKUCHQTKKYXSQJPABEOVY
GOEUIUERYTZXPRYDVICCBASFLSFMEMDVQTLCYLX
ZOWUBWDKHLKJHFIZHRFRQGSZUQUVRAFRRZURNBN
ABBADCDDHHGGOPPOIJJJQQRQMNMMEFEELLKLXXX
TOUUPMPMMMMMTMMPSTNQMPTMUVSTROROPUPUTOX
IETEZBNQCIHRAAMWFPXWXSVEDMGYCKWIJEPYCSI
XGHJMIMQVAYKHVQFNXIWDRDFYOJMBXTHQKHOKJX
CLDLHBCIIGEFDDHBGLJJJJIEHBLCIIKHLLBLBHC
BHCCFGBEGHGBGHGGEGHHCDBBBHHCBGEGGFCHGFE
SSSABAAKKKLRRRQEEFEMNMNOOOOCDDCIJIIHGGG
ABAALKKLEEEFHHHGCCCCOPPOIIIINMNNRQQRXXX
NNMTNNOSOTUOOKMUOLSMKTOUKPRMTKUORUMVOTN
NJOMMLIKGGNQONNJOIGNNMMJKHSIHNPHKIHJRXX
BHEEHEAGGAFBDHFAEFGGDACCFHGFFGHFDGBGDGB
TTABABPPOOHHGHQRQQJJJJNNMMCCDCEFEELLLKX
RQTRPOLLUNNLTTRSRUSRURLUNLLTTRLOORRPSQX
BBAARRQQCCCDJIJIHHGGNNNMPOPOKKKKEEFFXXX
TTHZGNFIDLIAOKNKGASDPVDDNEHTXYLZGNFNGEU
DCCEHCCINCCOFCCGTCCURCCSJCCKPCCQLCCMXXX
GQNYTRGHYULIGQNRGJHTRGJGJHYNYTRJHYUQNYT
GKGNGIHIHJMJNMJJMKKNNGIGNMMIGMKHJMKIGMK
FIEBEAHEMHHJLDFFEAEDAKAFCGAFCGALJDFAJFB
JDIFKAEDHCFEAEHHBHJLCFDGGMLEKCGFEEBKBFE
LSTSSUVSSWHSSIBSSCXSSYZSSADSSEJSSKFSSGX
NDBDEFNINZCMOMHLJHPWBPFIJKDSWINVIPESFRT
KEQXNCBFCTNMQIAXDEPTJKKUVPFZSQMBNQRQYWX
SLIBIWWRZEARNGWMMZSJTTILIBMCMPEILYBFSJF
KJJLUJJVSJJTQJJRMJJNOJJPAJJBYJJZWJJXXXX
JIIIHIIHJHJHIHIIHIIIIHIIHHJIJHHIJHJHIII
HPNVSXDJZSEYNWXOWOUQYHWIIWSOIUVRZHJIWJZ
WAVTAVGNAVSRAVZAAVUDAVOBAVWIRAVDAVTIAVB
EVOWIDXQHLQFVXRFQNBTIHEOUMTROUMPJTRZHQB
VIVLPNTMPDJNINOIUJQUPUJGHTWGHTWNWWKANSH
XSRPQNGPYGJYGJPGJPQJPQNSRPYNGPOQNGPRPYG
QQUOTTUQNUNTSQNUQQSSVTTTSSVTNTSQQTRNUQX
PFUBTVOFHAVQIXWRPFVEKNYDOZUQEYIKETLQRBX
PXVVVATVVUZVVOXVVPHVVLGVVGPVVYPVVMVVVKX
BLPBGDKTYOTROBLKBYXYXBGDKTYVWJPJPROOTVW
VCDCCEFCCGTCCUHCCIRCCSJCCKPCCQLCCMNCCOX
STBAAAGHHGCCDDLKLLFEFFPOOPIJIJMMNMQRQQX
UVLFTQUFYTQUFUFYVTGQTQTQULFTGGQTQFTGQXX
BBAARQRRDDCDHHHGEEFFJJIJPPOPKLLKMMNNXXX
RTTWPJQQUVHSSHRSHSHRXUVHWRTTHFPTSXXUXXX
XRMMDURGMSBKKIXQYAHONAQGUWTOCAGUUMVMKZC
ONUXINVHCQVJPNSUAVTBCFJHONUENJJFNGAEVXH
WIALVCLCFSMIFJGBUQTFXFYWKYMKONEQOERUHWS
KAFLAFRKAFRZAFYEAFPTAFOOAFGYAFLQAFRYAFL
QTOTOKQTOTSRTOKSURTTSURKQTOOKQTOTSUURTO
ESYYMOPXSNFVNDFOBORBNUVIPLYSYYJBYDAXFKG
LKTOXNJPJFMORCMMFFSEHIECMXZFKTICNCWRSWX
TWNRNMVWUUQWRUUQNMSUNNMVWSWWVOPNRUUQXXX
DEJZUGQSRFZMFYLERCJRJYHAMLFNSQTOFNUXQXX
SLLKONSTKMKKKPRXKKMKQOQMYWXXMNKRYTXQTPM
ROIEXKCBKNYHYKASLJKJDVUQDEOGHYKMBVBAOGL
PYJJXESLGYFOJHGYAMVFVLGFZOXXIVLIEUOMFEE
DFHEDEIDIEJGFGDJEGDEEEJGEGFFGDIDIEJFHGE
IQUWXFHXFHLEVJIUWXFFHLZJIQUVJIQQUWXYEVJ
YFGFFHUFFVQFFRIFFJWFFXKFFLSFFTOFFPMFFNX
EFCABACCEAECDCFFABDDFDAAEACABFADFCCCAFD
XADNXAOBOAWFHJQFYGSGSBHZFFQSPIDYAVCOXXX
JXSGIQSXPHNMLVQXSGTJKRWUGRIHSTMWPNTUQNJ
XYPOWXHGOXUEDZMRHGCPMEMEMRSXXYOXUEWXCPX
KQKVPLPRKJWINKKKUHHVKMFOKGNHQHNKWSFGXXX
OPTGZETQZXYYFJFNVWOHZUXMMVPWWFDJVRQLTOX
KLMJWHXUMSMGQDUKPCPCUEQDUKUEKLWHXUFDMGX
VCCDCCEFCCGTCCUJCCKHCCIPCCQLCCMRCCSNCCO
SQVQUVSRSQVVSVXXRSQSVXXXXRSXQUVUVSVVXXR
FCYTWLHXLQMXVWGMWDWMNWHIYWRPIBUPJOHAFUX
CEEFFEDDDFCDDDDDCEFDEFFFEDDFEDDCCCDDDCF
AAAARQRRIJIIGHGGLLKKPOPPNNMNEFFFCCDDXXX
AXNBEMWCOIXSKBOPTGXILYOBNYWISZEQQJWWXXX
LNWWVSTNWKTUGLNTHRTTSTFUGLNGLNWRGNURTST
ABABIIJJNMNMRRQRGGGHPOOPFEEECCDDKLLLXXX
VYZVXUZSSSVYZWZUZZSSVZUZSZVXUVXUYSSVYXX
QCXSNSVOOBBUVOFEMOVEOGISVEMOQCOGFEOBISX
PLJPOKPPPLMMKLNKPMMMMMKJNOMLNPPLMPLJPJN
TQIPOQKLAJWUGEBZIOXKPXBLKITUUUQIFALPWBH
MHLOOMBZQRIGCDAHCQOGVLNUOMBENHYOOMBYRLP
KJXLJPUQLQNVNWWSRSJSSTQSUQULTXVLLSVKPSR
KKLLKKKKLKKLKLKKKKKKKKKKLKLKLLLLLKKKKLX
TSTBBABRQRQOPOOMMNMDCCCHHHGLKKKFEEEIJII
NMMOBMMCPMMQDMMEVMMWZMMAXMMYTMMURMMSXXX
TPTRMTNSQKTTQPNLNKSTRTLLPKTNTKTQPSLNMRT
QRUTRRRQWRRQRQRRRQSRVTRQQSVTQRUUSRQSRQX
FIATKAAOVZMRWYTRYPXGZSYSDSPXFQDLAWZHXEM
GCPMCPVECPKICPVDCPGXCPQICPGBCPLICPVGCPS
TTTBAABCDDDJIJJNNNMLKKKOOPPRRQQGHHHEEEF
FMMNMMORMMSDMMEVMMWPMMQTMMUZMMABMMCXMMY
QIYZIYBQIYNSIYUYINIHIYOJIYLNIYFNIYYIIYP
AMOUTAMHTZNQICJMDOYWYKQWLJCTQTUDJTEVKHS
JKBTMVUIWIECJKWDTBHXUMPHOBKMTISPZNMIRXI
ROLPWYYQSIYNNHXSCMZWRUQQOZIXDUTHSQWHVXX
SABAACCDCRRQQNMNNIJJJGGHGFEFFOPOOKLKLXX
FGGHHGEFEHGEHGGFGIHGIHGFGGFHGEEIHGHGFFH
FKNLKNLSKNDPKNFDKNRXKNBFKNQHKNJXKNPQKNU
TTBBAACCCDOPOOFEEFGGHGJJJJMNMMLKKKRQRQX
KRGIBSIJEVQCAIUPTHSRGFXJFAEZHGCCXTXNHDR
NAPQNAPCZBVFFXCMDOMCZFEAGWHNXKPAPEKANDM
TWRTQVWSZTWRSRPZPRVVZPOXRWYOWUPQYVZNZWQ
TTTAAAAHHHHQRQRDCDCLKKKIIIINMMMOOOPFEFE
IIFMJXOSXYMHYEYDVTGYYXQGDFYJJYRFLFCCJEX
UCBBDQBBRIBBJEBBFGBBHSBBTMBBNOBBPKBBLXX
LUAZUAUXUAAOUARXUAGRUAOTUADKUAGCUAUFUAU
NEKPIEMOGLMBEPMAKPGDFLOLLJAPHGFCEIMLAKI
FDFQUNQPMHBUIXSTKRYWQUNAQOSPBKEIFZVCAAB
NLMLNPMNLQPMNMNLMNPMNOQPMPMNPMNPMMLNPXX
TABABCCCCLLKLOPOPNNMNEEEEIJIIHGHHQQQRXX
UPKBIDDTWQVRMFEHJXQHYHFCAUBPTWQWUFUBLET
LGPGHLKIIIFMGPDMGPDNLHIDIDNDEOFIFDEDEGG
IAFOIISPBYMATXFWASBDPLAIQTKCMKPAMVMEFDP
GTKRPOFJGNBJNKGOBJNQSOBOFGGCLLQLSBJOFGG
SSSABAALLKLPPOOQQRRHHGGIIJIMMMMFEEECCDC
XJCORMTMBRYQZPSJNDDQOMMWXRTSKUZIAVRBLXX
UVSVRTVRTRSWSVSTVTURSRRRRWSSVVRVSUVTUTV
JLOEXPTCSNMRBPLFICVIBRCNEXPJCWBKPDFBOSP
TAABAACRAASHAAILAAMNAAOFAAGJAAKPAAQDAAE
PSAWUTEBSUNEPXBKCSDWQSEIIQOVRCMXNAKYXXX
GZJLNATVIHXJKIEZNDCOBVLNWMAGGDBMDVGTQHS
HYHYOESYOVWYOERYOIYYOWUYOVHYOJUYOFJYODX
VVGECPFLXDLGECGCGLXOXECJEHIDLXEXEJEHIOX
FKGKHJHHJJGGGHHIGGHGIHGHIKGFFJFHHIFGJII
CBBDOBBPEBBFKBBLIBBJMBBNSBBTQBBRGBBHXXX
SBBAAEFFFDDDDMNNMKLLKRRQQPPPPHHGHJIJIXX
QTWQTRRPLUMXQTLWUNLTMSPNVQQOWNWQTRPNVQX
JRNOSMNLOIJKTRNNJJJPRINMPNLNQOPNTTKKLSK
UGLVUUQBEAKQPVHOBDENTJCHJXDNQPVTFXLZTMH
VSCEPEVAHLWSOAMOUKAPNOJZKZGFGMSRYUQDXXX
PNLMNLPLPONLNPOOLMMNMNMLNLPMPOOOMMLMONL
XWGRFZEYIBAZTVQZTPVNCDSWGRCBZEHOKATLGFE
UBBCBBDSBBTOBBPGBBHEBBFQBBRIBBJKBBLMBBN
RGUJRMRMGOINRPHPRURUINRPRGGOJMJMUPUPMPX
RQPRQSPPRRRQQQQSRQTPSTQPRQRRQPSTSSQQTPX
MHHGOJPJGEOLLFKHGLJGFLOOEEIJNFIOPFHHOOL
QRRURSQVRSURTVRRUQURRRRUURUUUTUUQTUURUV
GBCGABBAGABGGFGBFGGFBEDFBEDGBCGDFBDGBGG
KKBMHFMKRHIMSTKXUEKEBDXKMXLLCWNDIFKIQID
SSVSSTTTUSTSUSVSVVSSVVSSTTSSUVSTTTSSVUS
KMLLMLLMMLDAMLLTMLZXMLRUMLBRMLLCMLSVMLT
BCUAKLKZGCZNYHBTMRSINLVMTWUCTEMLPCBSMRX
LMSSMSQQMSLWMSTMMSRPMSQCMSPYMSDGMSKDMSB
PTQTQSQSRRRNPTRMRNRRSPMNSSSPORSPMNSSSPX
XYVYVWYWYYXXXVWYYXXVYVWYXXVYVYVVWYYXVWX
JHJHHIIIHJIJJHJJHJJJIJJHJIJJHHIHIIIIJIX
POMNIMSRNSUSUNISIPOLVRNOTLVMNRLRLOTMSUJ
STPGKOMRKNSHSQNPOJIMSMHTKKQNNGTQHGPMLIR
HTGPHFHTGGIDTQKLGDTFHKLGITFHTLGIDIDTFXX
TQJRLSTGTISSSKKUUVTKRQMQPVGFNSOMIRUTJQF
HLINMLIJNNHMINMMJKLKHMJLIJNKLMIHJKHINHJ
JLKRKOTXROSUMIROYPLORLMILOXTTXKOXTYPSUX
YFGFFHKFFLSFFTQFFRWFFXUFFVMFFNOFFPIFFJX
CWCLFELWHRCXUMHHUOXTEONXTIWLQSNNRRXHOVT
GFJOFJBNFJNBFJPZFJRDFJNZFJZKFJVZFJTYFJX
ZTCGHJYCRXILYVDEIDVZQHLSKOBLFSSLICMIJXX
PZQPADUROJNBLEFAOGLHDAGTDPSITGZOGZFGXXX
IHIJFCICIAADIHIHJFCIAADIHJFFCIAAADIADIH
UCBBDGBBHSBBTQBBRIBBJKBBLMBBNEBBFOBBPXX
MNROFGBRMTPLSPLSGBRMNLSGGRMNRSGGBGGBRXX
TQUMJFGRNXNVNKYYFKQQYLRMYHJNHITXMRVJQYX
KIPOKJQKIJOQNOPHPOKLLJKOQQHPPMQKHIKPINL
TBBABFFFFPOOPLLKKDDDCGHGHJJJIQRQQMNNMXX
RTTXTTUTTTMPTTHDTTMRTTRRTTDCTTULTTVCTTU
RQUCDQUWFQUFNQUFZQUDPQUWSQUWHQUQNQULXXX
RMWFFRUEJZLKZMDQUJYZXZTMHLZEJIIZTKVPQUG
VDEABWLHTLHQGTVDEHQGWGWLHQGWLHTVDLHTVXX
HLBDFATAQHEATDALTUJPUEQTLRJPZHWLMLTOXXX
BABBLKKLNNNNOPPPFEFEDCCCQQRQIIJIGGGGXXX
BFHCIHBHBFHBGFCHDDBGFCIFCIHDBGFIHBFDDBG
OVVTLTEEZYBSKBYSKBYJKVOOADGSPHDFXCODSVN
ELMLLNCLLDYLLZSLLTOLLPULLVQLLRWLLXALLBX
HKJJLGJKIGIFLFFIIHIJIJGFIGHGGJKILHFHKII
LMVDMVYOMVNKMVCSMVJXMVEXMVMRMVXQMVXSMVJ
DYTYYXMYYIAYYGWYYSHYYBHYYJFYYENYYYDYYDX
HREROAEPBPKUDNJDUZAOFDYBOFDPAFXFYPBSKAC
NMOONMOMPPNOMONMMPPPOPNMMMMMMNMOONNNPOP
LJOHRQMOLPJRQMRQMRQMQIPNOLMRPNOLJRQIMOX
SSKHKOPPVNLWBWUJCUWSQGBUIKYROOSYCIRLPCS
NNQSPPPNNPPPPSRLPPNNQLPPPPPPNLSRLRLPPXX
UDDDRHKSKDBTKTCJVNUKVFSBNUTQCVJCTMNNTBJ
NJIWFTCKNPCSEYPGUQCVPFFFSNJGASHXDVYSJJG
TTSAAABPPPORQQQDDDDMMMNHHGHLKKKIJJIFEEE
ZEGZIOAAWLQMLOFKIWSQZEGAFUDIRODPFTKPHXT
RTUSRTQVSWUSQUSWUSWRQQSTRVVUWRQQSTQUVUX
UBBCBBDIBBJEBBFGBBHMBBNOBBPQBBRSBBTKBBL
PNNTMNOLRPKPRSMNOLNOKPRSPNRLNOKOQORPKOX
LLQTOKQQPNNSQLLQWVUKQSUTWTONOLQUTOTOMSK
SLYWIGIHSPGVVNHYTQMDEKUDQGGHDDPTNUQOHSP
DLKKMVKKWBKKCXKKYRKKSTKKUNKKOZKKAPKKQXX
GYUFYUULYUAQYUWPYUQMYUTUYUKGYUQTYUMEYUE
ERVKETHTVSEXEYJCEPAUGXKMRJLVKDCPDNNOXXX
MLLNWLLXCLLDQLLROLLPSLLTALLBULLVYLLZXXX
DMUDZMRJFRDARDLERYJRYGEJVVEJIDZLLCJESHA
SSSBBAAQRQQFFFFJIIJOPPOCCDCNNMMLKKLHHGH
CEEDECDGDGEEEGGDGCEGEDCEEDEECGDDEECGFCX
BWIJUEMVTACWFDLYNLTIUFKFUQDLPPDZZPUTXXX
QGWXGWSIGWFBGWHJGWCIGWNUGWPBGWGHGWTCGWC
TSWSRIQNTBMKTIOGUQDLRYVJZIXCHYOQFVYODJX
SRUSSTSTUTTUTXSVXWRTUSXSUUTTRRXRTSWWXXX
MWBENPSRGXHRISWQYMFGGKLWLBJWPXMLLHNDTCC
FWMLQRBRKGCYOQBBMBROQBRXHUZKFUDUAXEZRUR
TTBBBAQQQRHGGGLLKLIIIJPOOOEFFEDCDCMNMMX
CJIEPPGFQIOHQIOHPJPPPCJIIEHKHPJKMHPJXXX
LMPMPIEMPYHMPZHMPYXMPIKMPVTMPAEDMPDMPKX
QZSTBSZQLKPDIQJXVTPXDYCRAVKRDCVFDBVFDBV
EHHKLFMFHHDLJJJKHICIJHJFIIMGJFLEFHKIIMF
CITVDXVRRKSMKEMCYPHMYHYPUDLIRNKARRKQWSI
GFULFUAJFUWRFUVDFUQLFUSLFUYDFUBFFUWXFUF
IFEDCQLKIHRELRLGUUOSJUOSJLKIFLGUORELTXX
QRTUSIFFFGCCBQBQFGQFHPOBLLFHVJOQANHOTQQ
SAABBPOPPDDCCHGGGNNNNJIJJRRQQEEFELLLKXX
IDHBJHJDCVKLSMFSKGOVSBUOGKSTIUJQAGGFFNJ
UEQQSEQIEQIWEQXSEQRAEQZHEQAPEQFYEQDVEQO
DJKKXYWWQEMQZSXPYHYIFWNYCYRBXBCGJKJQVRX
FQSQFIFNQPKFUVINQPKIVKTRRGRLDJDRJRVORRD
ZYQJVGNVLHALDCHMSAYRRGTVXQMVRGTFADXSLGQ
YUSWQVYYZWRTQZXVTRWZZZVXRWWWZRZRSPYWVYZ
TSSBBBAIIIJFEEEHGHHMMNMQQQRLLKLPPPPCDDC
IMIGWEUTRUAGSGSGCRCTUTCRFQRUIMUGCTFQUGX
LKMJONBBLEJKMJJILKMONBLJJONMJJOLEJENBLE
UBBCBBDGBBHQBBROBBPSBBTIBBJEBBFKBBLMBBN
CZPNPXTJWOKVNTWENJGRCUFLPQTNUPLXMFWECRJ
NMTOWSSONFVHNMPFQXTIPLETTIWSPFNFVHPLSOX
HAGNBQGFCUPSQCBMKMXSRQOFFCUQVECGDKFGQEZ
SSUFSUARSURBSUPXSUUASUMASASHSUUISUKFSUB
EULSTHTTUTVXDMWWMBCDLNJPBZDJKZEVZUXCLMI
YRXTRSQYRXTTQYTTTQTQYRRXTRXYTTVXYTYTTTX
TAABAACLAAMRAASHAAIFAAGJAAKPAAQDAAENAAO
PXTWIXTBHXTHUXTFHXTXSXTESXTRMXTVEXTUXXX
BDXWKHNLQWYOZIOMTJXYLFRQQLFJAZRZNVZLXXX
OLNKNOOOONMLJNJOOLJNJKMNKKNNMMKKMOLMKKK
TTSBBBBIIIJFFFELLLKCDDDGGGHRRRQOPPPNNMM
SSAABAMMNNEFEFQRRQLKLLIJIIDCDCHHHGPOOPX
GNHDKNNMGNWXQUUNMGQUNMDWXQNHDKXQUNMGNHX
SQNNPWOWHQTTKUEENCSVIIEBBMCGOCBCRMWOIFV
TABAACJAAKLAAMRAASNAAOPAAQDAAEFAAGHAAIX
WOGVVPTRCPGSHQEJOYAIYMEXTKBLJREMQXXHVFL
LMCVMCFDMCFMMCUOMCBQMCWWMCULMCVVMCUJMCT
MCPTXEDGHLMNHQYUFNMCLRYDDFLYOVULGJGYUGN
JEUVQUPXLARRXCPIFTCZIMEZJGHGRLULDLXMEFP
LGLNFJCFQSKFXVKYFPEORYQSCAQNEZQLGLNRKMH
RKOSRKSQPSSSMRQSKQLOLMRLMQRROQOQRQRPQSQ
JHWSCXWHPEVXWSCEVWHPSHPSFVXWHWSCECEVXXX
EHGDAQKFBBOIQHMCPINGOIAQKFPIEHQHEJEJMCX
HGCADPPOUITWBZYFYFSOAJNRSBPNEIKTRSBJYIM
KOHCONHPDDIKOEDIKIKOHPDEDHPDEHCOIDEDIXX
GFDEAGCFGBGAGGGBDGGBEADCGGBDFGCFGEDAFXX
QGJLPBJJQGAHBJNBNFPBEEAIJJNFAIEEAHOPNBX
WSYSXVSXYUYVYVUWXVWWWYVTXXWUTWTVTYYWSTT
LFUEGLWJUFVJVTTTOWFWEIUUVTJMTQFVKIJFVOM
CGCAREMVFDRFOMCQZAZCJPLZAZNGLOLBDYRGPOB
ECQLFVDDCPFFFPKKIDEZTXOOKTLLUSJHTCNNCHZ
UGCGGEHEUCFYBBOWGHTWKBKKGCKZVSQADYRQKXX
YLQQZQENDJVOTLJOTQJUPQJRRHEPGITKZOTKGQR
OJGATPHXCBYZYSIDZSYHLYERNGJYVMHIDTLTLDU
FBPZZDZCITMFXQPPJMISRZZBYMQKHXTPTCIKTLX
TSBAAAPOPOJJIIQRRRNNMMGGGHCDDCKKKKFEEFX
HNMKTMMKIPMKVLMKTLMKEBMKVBMKCXMKTLMKWXX
ZXEHEBYGDWWQWJFCBSFKTGFWHACJFABNGUSDPRA
QWYHUIRAAIWCHSFTFUJCPGWXECIFRRBGKNGBROX
FLOPILKKNMMFJIMMRIFIIHFIQMMKHMNNKHIMLGI
IUHTOJEUBPWIFXKYMHIZVPZGXOKHIUHTYEHMCFI
INLMHPGIPROQGHPGHPGIFJBLINLMGILHMLMGXXX
FCLMYAJCLNYGZSJOIPLRSALJVADMTDLGZSJOCGC
NPDMLPMIYVHNHRZNHRZJHPZMLMOHHICKPBMGFXB
TBBAANNMMCDDDEEEEGHHGQQRQLKKKOOOOIJJJXX
ONJPGJPGLQLLJLLJPLJPOPONJJPONPGLMIQLLXX
IPCIRRGPVIGDFJUDIRDTRLPGOFQMSEIQHDDUJVM
VCDCCERCCSHCCIFCCGLCCMPCCQNCCOTCCUJCCKX
LQPNNQLQLRSPKORSONNLMMSLLPPNOLLMQNLROLM
ATAAKNUFCIHXAEHIGZBNVVLKUHNWCQRCBRFAQXT
PQFFPQRJILGVRLPQQGTIPQPQFFGQJOFFFPQQGQX
LVYIVYAUVYVOVYKLVYCMVUVPVYTKVYOUVYXDVYF
QORPQOQORRPOQPOPOPONQQOOOOROONQRPPQPOOO
SYBDSYBAHPENAUODMJQKFBTOBAWWPDYHXENNOLL
SNQFSLKDNLGSNQDNLGLGSNPKDNGPKDNLGSNQFSX
HUZGXQRLQKLJHGTGPBTMQGDWSBVJZFPDFOTPRYX
CSSBGJLJYDGSGZJFXAAGZJDECXQWKUVAPRPQMMU
PLUTRPSYVMAKFZUZPNWSUUNHVTGYWCVGZIFCUYS
SVGDVGOGVGKXVGMPVGNTVGPIVGLKVGIWVGPNVGW
RPKUHWHOQIIIILHNSOQWHPULHQUPURPQUUHKUUK
HBLENBLOYBLEFBLNDBLENBLBLBLUFBLJGBLOXXX
PROECEGPFOECKBSEGIPROPFIPFIPRSEGPGPFIXX
BKLLUHTRYNUZAJDHEJZGDXANFEXCDEKQFPUHXXX
DPQSQSGTQSMWQSXVQSMPQSIYQSRLQSSLQSYYQSL
LUMMXYYMWTPNXLMUPWTTNPNMWMRYROLPUNWMTRX
YHOYOGOOGOQUCKMONAMHAQOWDPGZAHROHEMCNNG
NMRSRRROLSRROOLPKLPKURSRRROLPONMRSONMXX
NFPPONHHRPQFMGFHQHROQHLOJFMNHKNJMIIRIJO
QLQMNQNKPLQKMPNQOMMLPLNKQKOQOOONOLMPMXX
FVGQELYPNTFJQESOFVGEKBYYLTKNYMHURIHLMEQ
XDMWXBCJIJKTMEETORAGXSRAZEDBSFLPPNLCXXX
OCBEGXYIVDIIQVAOWQKBRPTHKPUIPQEYBAHMXXX
SXWSVRSVSRSWUYUSTWVZSVWSVRWWVUSSQPSUSRQ
VNDNQJCYXUBITVNMRWAJSHFSEFGDDYDKMEBHUCR
YFGFFHIFFJQFFRMFFNWFFXUFFVKFFLSFFTOFFPX
NRUSQSOQNSNSUNQNSUUNRUTOOQRUSQOOQNSUNRX
KKILJMIKKJLJMKKKIMMIKJMMIILJKLJMMIKKKXX
JMOINPJREHJTKFRFSQRKPHIFIQFIEEQRNKFJURT
MKLKLMLMLLMKLLLMKMLLMLMLLLMLMLKLMKLMLXX
BHFXNZIXILOZGETTIHFXNZGQTFRHXETTITTINXX
IWWRTXIWWRTQFIWOKKLXIWRTQOKLXWOKLLXIWXX
EJEQQOENOLOPDOGEFIEOKDQDHPPGNLELKEDEOIN
PTSTUUNSRRQUPNONTUUSTNPUUTSQSQTOUOUOOPS
ZEOEEOWFEOFPEOTREOXWEOMDEOULEORNEOOVEOU
XVXVTWTXUTSUTXVVTUTXTXUUTVTTSUTXVXVWTXT
ONWIUMNQRRQNNURSJNJKTPVROTLJMKQQOUOLKLK
TOCFYOJZTHUYOJDJVHBIRAAKNFQSPSKVVXDHKRG
WTIOTIRUTIMXTIPHTIQLTILUTIONTIUUTIOYTIS
RUTURRURTSTRRRRUTRRURTURRTRRUUSTRURRUXX
BAAARRRQHHHGKKKKOOPPMMNNEFEECCCCIJJIXXX
MKPJMHQHPRGOUQPVNQVXLYYJNYGKTTSUMGQUUXX
LLPNNQLMQQKMOLQQLLOQKMNQKPLPOLOLLMKPLPX
KUFITHENLTUHKESQYNLGQYZOYMQLYTYZSAFMBZC
NMQMLPRRQLRQLRLLRLMMQMLQMLPPRQLLNMQLPRQ
AEVJEVDAEVFEEVUBEVKHEVUIEVQHEVIAEVUJEVD
BHWTURBUPIWZGVLFYDNWQPKCBDJZEVPBXXFRFYW
JNJINJSANJPPNJJZINJFNJQWNJJHNJSBNJKGNJA
MTTUTTVATTBYTTZKTTLITTJWTTXCTTDETTFGTTH
TSSUJSSKBSSCDSSEVSSWXSSYFSSGZSSAHSSIXXX
TABAACLAAMFAAGHAAIJAAKPAAQDAAENAAORAASX
OKIJZMSYLIAVIJKNZWBNLWGIRAEEIMKIHJQDXAM
KXWRXWCOXNXNXWELXWZYXWHVXWVFXWLGXWIWXWQ
TJTJTZOJTXWJTCVJTEVJTESJTXAJTFHJTNGJTLX
OOTPJKHGORUQLJTQLHLHGLLJOOJKTQHRHGORUQX
QRGQUVMMUGSPJQQMWIMPPSSTWKPVGUPSTTRSPRV
CHLEPPVLHLJVVQZSWNDEMNPOPDGURLCUGBUTVHG
IOLNFEIJQKIOLIJQKQKEKKEKIXEIJJQKEEKIOXX
MGMCPQLAIXSGPMPCNTQQRIWNZIVIPELZYGPEMMS
IHIRKTOSWRKIKIHFVIKHTHHHHLUIRSWLUMWTOHT
JQQRQQSDQQEFQQGTQQUHQQIBQQCZQQAVQQWXQQY
DEJFLDVMFQHWSVDGIXYSXQELSQEIOGJLHMVWVUX
JHYWBQHWBQHMSHGFOHVBSIPMOSZIXCVXBLGGFBG
NWVCMYRLOGUXPHSRTYKYHPLOJOWQNQXQGCKPFSR
HGGMIBFCQXFELOJOPOWDNWRSRHRHYNQDFHLVXXX
LULVCVZEHRBZDFYHHUBDKJHHVRNPFLVUMSFHUBF
XOOOMNOULCJCBJIMXESUPUNJWZIBGQKNBFPDCXX
RGHUQFMRGHJLIMIMMRMMRGOJLISOJLLIMMGHUQX
ZGGHGGIXGGYNGGOTGGULGGMVGGWPGGQRGGSJGGK
PHQKHMJDFJGKBJFGPHBJLDGPHQGPHQGPHQGKBJX
ZYQHCJAMJEQXVQZARFJDRAVMNFKAWPTQXWBDBXX
FHHFGIIJHHHHGIIIJFJJJGJJHGFIGHJJIFGGEIJ
DEFICIFEICDDGCEHCFDDGGIGHGEFGEDEIFHFHCG
TYOJDIMHLCVMRPBJOAWOWGIMRXORTCEDMCNGARX
TUTTUTUSUTUTUTUSSTUTTUSTUUTTUUTUSSUSTUX
UCBBDKBBLMBBNSBBTIBBJQBBROBBPEBBFGBBHXX
LMWYGPNZOMJIBMSDGJAOVOQSMPQDAEDWWCWPQDX
CJKJJLUJJVYJJZAJJBQJJROJJPMJJNSJJTWJJXX
OMNLNONOMMNOLMNOLMLOOMLOMLOLOOMOMLLNOOX
MGGTVLJXETFUGFPGFYSSHOMFQUGJIMXTEWUPSOG
DCCEHCCIPCCQFCCGTCCUJCCKRCCSNCCOLCCMXXX
ZHWUXBYKKEHYHWNTWVZIXKDJDZXITWUFFMVYKKX
IGPNPILKZTTJCCMZTTFQNONSSNDWUPXZMVQFDLJ
HISLMMDKPHTGELDUNIJJAIRSGELPBCCGNKINRLN
YXQWKLRWCBFWNWGRXLCNYVSXRHFFXLRFIUTKERS
ZQFBOELLBCFDTBQZZAYWPYLOOMATPCOUPFZASBN
BAACPAAQHAAIFAAGLAAMNAAORAASDAAEJAAKXXX
UMYXUWIHDIUSSWYSLLSIVHSMIVPSCMMYXGHUPXS
GBLIXAJHJFROYUFYBOXKKKVMLEUNYREBNQZNYRE
SJCBMKTDGORHKIGTKCLEJBSRJTHGNPGHOPEGHHD
PMALHUFVAURIMFQOAIAUFTDMWZZMMOPQSWNQCDK
OJPMFPKPFMNPKPFFPKPKPFMFMNLPMFPHOJPJPMF
TGMSVUPUJVKFQOJVETETESESTGVUKFQOPFNVPUX
DPARXLUIRSVXLOAXNCNWXFVHDJHMZGWSLARWXFV
PTRNVMWCTCIUNNOGSCTYCTEGEEYXENAGLGNNRAZ
LPILMIPKMOLIJIMKKJLQJKOKIMNLLKIRLMLRKPX
DENONDHFNNFKNEPHOHGJJLJOHIJJOGFGJGIMLIF
EMFYMFBEMFVMMFFNMFPMMFVJMFWWMFEWMFXEMFF
MDQRFSFWCRTATDIIRLLZLFTLDQEPCDXCIFUWCRT
AHHIHHJYHHZUHHVMHHNWHHXQHHRKHHLOHHPSHHT
CJOHCJVLCSGJVLCJOVLCJOHCCGJVLHCCBCCBJXX
IKWXWOETWXTLJIKJGVSPNOTVSLJOTJGXTPNWXXW
ITGGKLHSMNMKVQYEFDVPLMJYZAZNWSCYLUKKVQY
IMIRCRJEKCIKKNDJNENPNOHMPMQOCJKMCGPNRGG
FDDJCDGJGEEFJDGDEIICHGJCJEDGICIFCICGEGX
HOSCHFHOSIIRGGFHOTGIISCHHGIIRRGFHIRGFXX
PMHVSZMNCERJAIUGFMMSVTRFDMXGJXGIVQCFHDR
WEDDFQDDRODDPKDDLGDDHSDDTUDDVIDDJMDDNXX
LPXWXSNXQWJQLJQLPQTWJXQTWTWJQQLPXNXQTXX
BIIJIIKRIISPIIQXIIYZIIANIIOTIIUVIIWLIIM
WDEDDFUDDVKDDLODDPIDDJQDDRMDDNGDDHSDDTX
TPSONRRRTPONRNTPSOOMNPPSRRNSTOOMNPNRNTX
MXKOIETCQCSMBFIGTTCBNRWRLVNWWWUOVYVVNSR
TQOJKNINSQTLNSQOJKNQOJKQTTQTTQOKNIISQTT
KJQWRJSPGQIQIGUNNONGUNNJSKJONSOSOHRHRWR
STSAAAAEFEFKLLKOPOPDCDCNNMNQRQRJIJJHGGH
ILMEWBBWAFOMRBONSPVPTLWHRZLKCJDSKCJHPVF
OTLTTHPDTHZPTHJRTHFDTHKUTHNRTHCKTHTLTHQ
IDJJHLKEEDJHFLIIHGIFLDHKFEIGIKHIJMGHHHE
VVHSDDEKGVVBDOFLBSDGTBDDEKGOFORORLBBCGT
RPWQNHIGFSXHIQRPWWQNOIGFQFQRPXHIGGFQRXX
UDQUZOLUFSKARMMWFYZGUIEDCBWNAFYPFJWKQXX
QLIDRSXRJKNEIMOVRXUQPLHTGSCEMQPELYIZPHB
CADDFDCBADFDBABCBADBDDBBEEDBBABAEFBFDAC
TGGCVPUDFPFVRPAYJQFVKGNSLVGJQEYJQEYEUID
MTUTTVCTTDKTTLETTFATTBYTTZGTTHWTTXITTJX
NOYVMTQYHVEFKSWDIMGNNOYOWZINOJSKPJUAJZA
UTZYWUSSYUUZWVWRZYZUYZSRWUUWSRRSZVWWXWW
JXLTGVJHMGVGJAFWXGZFSZONFXGZMGVGLMFXXXX
KXGFWOQTLPQNXQMGZSPWGHIPBXPYBDVGFNFZHBK
FNIDSFJODKRLJOOLFNFHJLJLRKRKLPSFFHDKOLX
XVJAHJUQFDRVPZCVPZCHTFQZVOPKCRWFXGQZRLC
TABABIIJJOOPPMMNMKLLKFFEFQQQRGGHHDCCCXX
TBBABLLKLDCDDHGHGQRRQPOOOMNMMJIJIEEFEXX
TBAACHAAIDAAEFAAGRAASPAAQJAAKLAAMNAAOXX
YEGDBTEZCWPJVMRFHJTKTPVOZDIHCIHLSXNAKTP
KEIDJEKKEIEJBBJEJBBBDCJBBDEIDJBDCIDJEJX
FBRAVJXOEZBJHMDHRMJOGWBMGRJBOOWDJPYDMGR
MGSVNOKKMGSIVNOOKRKNOKRSVFPKRKMGSVFRKMG
NPWIVEEXJADTAYKRWKBYVKOPQIEHEUISRPQXRYL
UWSSXRVSWUUUVRXUURUUXTUVWUTTSRUUTTUUXSS
PEABEAQUEAWNEASTEABSEALPEABXEAVHEAPPEAF
YOWXLVUSRGZOCPFJZBTAFHZNFEERCLFUCYODGXX
CBCCBDCDBCCDDCDBBCCDCCDBCCCDBDCDCCDDDCX
LILJKGJLEFEFJJLDFJLDLDGLLIDELKBGGDFJKJL
QQQMSSPPOMSSQNRNPPQNRNOMONONNMMOQQNMMRX
MRURNKVYBFPVFMVRLHPADWKLSLNQAHEQAGXNZQX
TSTBAABKLLLQRRQJJIIEFEFNNNNGGHGDCDCPOPO
HEPPGFKCMDPKLIHLFEPPGFNKNLLNCNKLONCJHKL
DLRSTXYNUSEJWRVAFOSGKSANDBMJKRAJACAKRAX
VVHBFBCOHBWRUKAHBEUBXRDAZMBPCMQTFNXMHZO
SRRSPJOQJJKKKSMJKMNNJMSOPOPPINMLRTJMORQ
URDHHKIOBERQDHJABLZPDKMKIEYYKRMYEXADGFZ
QQQTQTTTSSRTQQRTRSSSSTTTQQQRTTTRRQSSSTT
KPQCNLAYAHZHGIQBRQPOKGYIYSFPLWHRMISVHPR
RTSSUUTQRSSTQUOSQOTRQSRTOURTTPTRUPPOTOR
VWVQTVQTVVVTTVVVTVTTVWTVVTWVQTTVWVVTVQX
ZBDIBWBQLPDKCZCOEGBYXQZPAKOFTHVADWJNXXX
EFFTFFUEFFAUFFOBFFWJFFENFFFIFFKQFFOQFNF
ZRUSJRUGHRUKSRUFRRUBBRUMFRUSBRUTGRURXXX
OFWGLCZZEVWIYOWLZTLYJCNMGQOHRLZABTAEBRI
YUUXVYWVYXVYXUUVWYXVYVYUXXVXVVYYXUUWUUV
MHGGNNKIHHMNNKMJNIINNILIKJLIHHMJMNNMNLK
PIQPIPHIOKPIPPPKPIPPQQQIQPQQQQHPIPHPQQQ
LFIFHJGCEEFFBBBBHDLBIDLLKCBLFEBBKGGGIGC
MSMLRUWSKTMSGTQQYEPPXPSLWJYWSOPHMILYTVH
QOLJVQHOVTNHLIJTHOLIQOSMJTTRSMVQTRVTOIX
TABAACHAAIJAAKPAAQNAAOFAAGRAASDAAELAAMX
UESRESKZESGWESGPESOHESUAESOQESGWESYKEPE
ELLMLLNQLLRULLVALLBYLLZWLLXSLLTOLLPCLLD
TUXIOBQNZARNDQFGTAKYXVQBAPCHWLNTHNZFPTU
NQSUVSUVKOOQRVKOOQUNQUNQSOQROKOOQUVKOXX
BBBBNMMNQQQQIIJILLKKOOPPEFFEHGHHDDCDXXX
XIVGRAAZEFNSLSLLPVKGCGNSCJLXGIJYYXKRWXX
STGJTFGTHOXNAYQGWWKWFXPDLZFFWZMZWTLWPVW
CLXLYNSCYZIMYOMAXULCPXAXISLLIJPLMKGPVKS
OOUONTPOQQTOOUURMTRPNQUORVNQVUOPMWTVPTX
PQUWPKXDPRDVHKFNZQQWKQGZRCPIUZCCRNSHXXX
CYPQTXHZAWVJXQJFCIYNDCCNBBLCRKSTWKZRDKA
AVKRGAEZERCOHXPQRBUYHLRTYHLIJFNFZTKKIMD
PWKTHFLJPXMKHRMVJSFXRLNQTKISVIJFHPWPQMS
LCUCKKXELXGVJXJUECSESKHDLCUINNQMCUGPUXS
DQODAEAECBKNSICBKNQODAECBKDAECBKNSJDQOX
AHIHHJQHHRMHHNSHHTKHHLUHHVYHHZOHHPWHHXX
ADQGMUWUSFKLQZNBAWUBWWZNMHZYTYQOGPSAXXX
VPKZPKMQPKXPPKGLPKBZPKKRPKZAPKIZPKUJPKH
AIWSAZZWZESAZWZEERWZEEIWSAEERHAZWZZAIWX
CLBMYEAAKITJITASSKQJLOIGSENDDPSZJOONOWH
PYZNJDKPTRZVSFKJILLUEMDUIVUVLWUXEMJXVLW
NENBFDHAAXBVYRDBJYHTIWWGNMDNPRHNGQALXXX
AAAARQRQJIIJMMNMHGGGFFFFPOPODDDDLKKKXXX
DKEIPNPESQDSQHSGHMLLDGGPRTEPPQSLOISSIJL
HBDJCANFHCBNIHCKHCFHHDLDLODCODLALJMCFLA
LXWVYQNQYRJABPNOFXGOPXDSJYDTBGWFJWWSTXX
LNJYXHLKTSMLTPZTSMIMIOJKKTSTSMIPZTNVQSX
PPSVPWVOMRUWVMMPQOMSVPQSMVSMMSMVSTUTUPP
XXKEXKVQXKBOXKYJXQXGXKYGXKUZXKFEXKCMXKT
XFEEGPEEQJEEKTEEUVEEWLEEMHEEIREESNEEOXX
TSBBBBHGGHQQRQMMMMPPOOEEFEKKLLIIJJCDDCX
QCRTCRPPCRRRCRVTCRPICRNWCRIPCRILCRMTCRQ
JJIHJIKLJLJIHJLKJLHLLKJLHKKHLLHLIJLHJXX
JIIKNIIOTIIUZIIAVIIWPIIQRIISLIIMXIIYXXX
MQSNRPSOKNMOOKMRNIOLJSOIKMNSRQQMQSRQIKI
SOFTYHFRXGETCSEGSONHGMOAERMTNHEEFLKLXXX
HEMILGHKIFDDLILFDFLFEMMNMFEMMHEFLDLGHNM
KTDQXWWVNDEYUYVBDNBWNNMZKIOTKBKAQRNBKDH
NOKPLKKXKKXKKQVOUNLVXTTLULWUMVNQWXWTQOL
EEMLXBVKZEAWZXXBBSZKGNOHJCWJMFZHHFGOBJN
PSIJALOSGOAMQYHIVBZBKMCCYKHDIPDJHBYRXXX
GJDIILGJHJGKKFEFIILKLKKGJIHFKJHKKFEDIHG
WVGWITFJSSUXIVOPWTMFNIOJRNRGGJGKRVHRIMI
QXFEXFMFXFJCXFKSXFZYXEXQXFFDXFJHXFIVXFN
NPQHACCJNBGBNGAAGLNCKKDDACJBNFJAMOAGEIB
CBLGGOWSVEWOOEWWJTCJFBFFENJKFQOJDFSWVKK
GUNNUNKDUNHGUNGKUNHQUNPFUNNTUNEZUNPNUNK
TTBLYYGZPTQJEGBGUKZXPFDUIPUTATYFTXNRVXY
NMMOBMMCXMMYRMMSDMMEPMMQZMMATMMUVMMWXXX
KWQPIVDOWFBKWQPEUKUUJQQHIKGLQFOWKYFFDKY
TAABAACLAAMFAAGHAAIDAAENAAOPAAQJAAKRAAS
UBCBBDQBBRKBBLIBBJEBBFMBBNGBBHSBBTOBBPX
AUAEVIAETCAEVPAEGDAEKKAEHDAEEQAEVOAERXX
SSSAAAAIJJIEFFEKLLLNMNNQRQRCDCDPPPPGHHH
ONNPUNNVANNBWNNXQNNRENNFSNNTCNNDYNNZXXX
MNJJNJIKMMNNLINMNJIJKKKLJMJIKMKKLJIJKXX
ROGMRSKCSJRONCAAFOEUIGOEJUCBMTUKQCIIQPB
INQLOOIRJPNPRINQPOSRIPNQNQLILIPNIRRJXXX
RRPQSRPROMMNRRNRRPRRPRRPROQSRRSRRPRPQSX
WUOCDECIGWXAGHPUPSRANJLOJVXHINGYFFVINUP
OXUWQTQTXTRVROTVTOVWSQQTWQUVOPQPQPTWQUO
JQMWSREADRECAHZYAIGGUZSZCXFUUXPTBGLTIXX
IXFKBMJPBWCUQKSIAASKQJJALEMUPBWLWSJFKMG
LKMMMMMMMMMLLKKLLLLKLMMMMMMLKLLKKMMMMXX
NMOMPNPOPMPPNMOOMNPMOMNNPNMPMPNNOPMPNPN
EEJGFFGFGHFHFIHHIEIIHHIEIEEEIEIEEEEJGHI
VXRRQXYINDEXIMRXAVBNGCFRROLEWNIPGGHGNZK
SWYSLMBBXZSZVZDWRRBKRKZFOGPBXVKDOAXXGZF
IHDEEFHFHDFIGIHHHDGDGEEGGIFDEHHDFGGDEDE
PPLROXUXXVPPYMWOWYVMUVNRSMNWQRQWLLLLRLR
HJHIKJLJIMHGLJJMKHJLGLGIGIKLHLMJHLMMLKL
OQRONRRRPRNRQSONRSPSPRQRNOQOPNRSOONROOP
MFNNOQMODJGCJEGCHFOMDIGPMPLJJDEIJGCQEMK
HGHIGMOOINLOFLJIOFKOOOOJHFJLOLFFLIFGGMM
KLKIKLKLJJKJKLJJLKJLKKLJJLJKLKLKIKIKLJX
EDKNEXBVJQNBBZOUQRPZQEYAQWSQEYSEWTSAVFQ
FCWNZZTIKLAHRQALKLOSUHSIDIJUPBJVGWEPCOX
NNPOPOQPRNPNNNNOORNRNORNPOPOQPPOPOPONRX
VKATWPUFCGHOPTWGHOPUFWGHOHOPUPVKAATWGXX
MWGHGFUJMVXUOWGFKHWUSQSQMWIIXUOWUJMVWUX
RHPNILSGRFKSSGKKTHWQGWWWQGTLRTQWOSGKFVL
ZBTEKIXPWNMTDHHVTXCSIXLQRITOORCWMUAYXXZ
MNNPQOQQLMPPONOQOQLLMPOMPONOQLMNPQONNPQ
IJFTIRPZVGSMIHCQEDGAAPUXHCGIJFTPLWZHSOX
XEFEEGJEEKNEEOREESLEEMTEEUPEEQHEEIVEEWX
YGLLEFXBCGYQQGIGIYYQXGNHOXXHPRYFGHNQXNE
BPSKESORDBPHXVUJRYVWQOIDDRTZEMCEBNNVINH
IOYDYRHINYNEDHYZXERYHTINXNINYTDDPQZRYME
YFGFFHIFFJMFFNSFFTKFFLUFFVQFFRWFFXOFFPX
YNONOPRXVYVTSMPYVTQMPYNVUNOPRNSONXVNSTS
JKVEFBAKSLZAGMRXYHVNCXFUKGIMRBOYNWCXWBD
AHIHHJSHHTMHHNQHHRUHHVOHHPKHHLYHHZWHHXX
PLINMMPLOJKKKRNOORIKJMRPMNORQLLNPRPLOPK
YLYTPSNZIEDKSQGTYWYVFIVCMTFCIDZSNFNCHEG
NSUVWNURRPQRQPQRQNSUVSNSUNURRRSNRQMSUXX
WRRURURTVUTVRUTTWVXUWRVUTVRUXURUTTWVXVX
EJIABFITSBBCPXHEQLFKJPZUEKEUXFPXOBSUPCX
KKXOLKVPDTZUZLJLNJQJOJAUAUFEQSYKQBVAXXX
KBQHJLFMHREOOTJTQLLNIKHOEEDMRJLRIDTMIFX
ETJZJGJZJOJZKCJZDWJZZYJZUBJZCKJZWEJZZXX
UOJTXSIGPOCNJKGJLEUGQKJOVASCXUNIQJGSKWI
ZRVBKRVFLRVWARVOWRVFKRVCVRVRTRVTWRVEXXX
JPPHNRIHIMRRHPIILOQJLNMQLHHIMRIGOQPIKGX
XXYYTSVVUSVRRSWVYTRUVXXXUVTWTTUTZVSSUXX
BIJIIKLIIMXIIYRIISVIIWZIIAPIIQNIIOTIIUX
FQPYXEWYJOBVBMFWYJXGOBITQSTIQLPPLEHWDMX
TBBAAQQQRGGGHIJJIOOOOFFFFNNMNLKKLDDDCXX
UWVUWUWWUUVUWVUUWWWWWVUUVWUVUVUWVWWWVVW
SVIHFJSNSKMIIVIIJKKVVJTBPJOTUVIBINHNBIX
SECMLECUNECYVECRAECJGECLIECGXECKQECVXXX
RKSPYFIJDLXJXEJFFIXXHHJPXRJJMIBXPUPIOPF
QEVOGRWBTMOHMTWZACXFVRCJDFISFBTMPEYQVFG
VUWXUWXTSTSUSTSSSWTXVTTVUTVTVSSTWVSTVSS
FIPIWYAZWTZGWGGEIFPWMMBTWKUDUJVQNCYCQNC
ONOKLMPLMPOOPKLNKNKPOMMKKONMPOOKMMNNOOL
HELPNNENLJHHJIPNHFKPDHILLKNELELHMGNIIPH
HPOOQTOOUBOOCFOOGDOOEVOOWXOOYZOOAROOSXX
GNFCQSSQSSSFCQSKCNGPIKCIKCNNFCQCNGNNGNF
QPPRSPPTWPPXAPPBCPPDYPPZGPPHEPPFUPPVXXX
QXXYXXZCXXDKXXLEXXFMXXNIXXJOXXPAXXBGXXH
ZGGHGGITGGULGGMXGGYRGGSNGGOPGGQVGGWJGGK
MDCOHIJRAMIFPNDJXRSWDNUEBHNHQBEOIAMHXXX
YYXTRQRUVZSRSOVZUOVVVRUTTSZVVVZTXUTZUXY
RMIZXIHMZVKNVYRITUQLTRDBJSDAJCARXJCMZVK
LLLLJKLKLJKLLLJKJJJJKLJJJKKLLKJKJJJJKLX
QPPRCPPDWPPXGPPHEPPFUPPVAPPBSPPTYPPZXXX
WKCLXQMCIUQRBHXSPSFFWKCWKELVGLGMWJRBCKU
LPVUWWMULJXLSTUXNOPXRVPWRPPNQJWMTXPPXXX
PKSUNNXTHISVKYTYHVKSMHPSMYHMHPTMHPTSMYH
GWEHSEJBFQVRFUGSESJUNOXHKKNLNWLPCKCNXPX
VGVTSXQKSEQZPQQHQLGATEUXZQQLKPQKPQMUHLN
UOPSLMJDFSILETLDUOETLDLMRQELJDRQELFSICX
UCBBDSBBTQBBRGBBHEBBFIBBJKBBLOBBPMBBNXX
QACYKPLJQAMHWLBRBNJVWKGLYYODFHTWOJUPMYX
AXINXITSXILMXIBHXIPQXIUDXIQBCXICXIRWXID
UWCJTJRMNXIFRXZWOCZBBOBXNVGWPZUSDLVBUPY
CJKJJLOJJPSJJTAJJBMJJNWJJXYJJZQJJRUJJVX
BVSZZAQLXYZWAXLQNIDZLSKORHFGFFRLYRIGFFR
YGYFSAOSNRHVSDGVVBEBZXIIMTQVKXDVBEEADTN
PGHQGHXLGHWNGHRZGHOJGHJEGHQKGHEVGHLZVGH
OPLLROFROFKOFKIPLLRKKHOHOPLKKKHKHOPLLRO
FCJHEEEEHHFIHDJFEGHDDFIHFIHHJFDFFCEGDJX
DUSHKOVWIMIDSDRXPLRUFRMIDVWIDOVWIDSEBXX
VCVNMGWLFRXFDLBPBTWHDWMNMGWLAGCHVCVPBTW
YUZNSRDFRDXQZALPFCWAPTWKWCEKWTGVSAIVSAI
EGZEXZMXNWTCYPFWMSYGZEPAPGEPTPBPEDVLFQO
SSBBBAJIJIGGHHDDDCFEEEKKLLOOOONMNMQRRQX
DMRPMRFLMROLMRIIMRBDMRVRMROLMRIZMRJWMRM
JJKILJJKKKLIJLJKLKIKIIILJKKILILIIILJJIJ
UUTTTRTRSRQTUURSRRUTTTTTTTTUUTTTRSQQTUX
XZXWYZXYYZWYZWZWZYXWWWZXYZXXWYYZZYXZWZY
OINONNRGMNLRRGHQOINHRIMNKIRIHQKIFKFKNHX
RMTRONNOQQONRMRPNRNNRPPQNORTOTOROSTOPRP
FPHTHQNBCSLGGWPOUMAXFMQKKGXFPHTKGOSHPAX
RNNQTRNSPNQSPNQNOROSTRMRMNPPSPNSNORRMNP
TRBFKJIHDOSKFSGONGTGGTGGTGLILHHAAFKLHCO
GLLEMJLCLEGGDHLLJMCAGAIHDJGLFBDHFLHIHEH
OMKTOLPLOMKJSLOOLPKSJSLSLOMMKTOKTOLLPKT
TBABAPPPOFFEEQRQQIIIJCCDDGHGGKLLKNMMNXX
MCYCFSQOXGVBYPGJQBNKNJRGRGLEXADSAHWKXXX
NLLRLLNHLLRYLLRALLUTLLZSLLWYLLROLLOBLLH
KASOGXONUIASXTQVOQSEWKKAUHEQRANIUDJOVTI
CFTXHAGMBGUBSTVITBXZJPACVPPTVXBWLYDSPPC
HIMLWZRWSSIJRTYANCNWZFGVBUAYKNBBDCCUGUX
AKDLKXFIBAFPHTMGEELCAEOQBXAGNXRCAEOCWLM
IPPQPPRSPPTWPPXCPPDUPPVYPPZEPPFGPPHAPPB
WEWGSLWSLWDJFGJDJWKFGJVWDJWFJFGRFJFGLOR
STBBBALLLKHHGGEFFFMMNMOPOPCCDCJJJJQRQQX
SQRRSRQSSSRQSRRRRRRRSSRRSSSRSRSQRQRRRSR
QEOLFYWLOUOVGHDKKNGTOASYLOUPPBEFLTMKGXI
VIKRXQNTLWUOVWJMLQQNNKMKWPOURRMQQKKMLUV
TLTHMDPLEXQUUAFHOJLFJFGWJLTPPSUTGUTQCOH
ADZBGXWCVAKICXDZOMSZOMSSMFCMAQIRQRFDTLT
TUTWXYWRSRRRWSTTYVSUTSYXSXVWWSXVTSTXRWX
KGEJJEIBHKKDDBJBHKKKKGEFJJEJJEIFDDBKHGJ
INIINKELMFMLDFJDNILELILJLMNEMJJJKMDNMKI
TBBABMMNMCDCDPOOOFEEFKLLKJIJJGHHGQQQRXX
IXWUKLKFRITNCFRTTSMPLNEPPFUBNQUIIKAYXXX
NPSGHLRPKXIKNJPITOTPFWNOXTERPTOTIQPHSPK
PQQQRNROPQRRQQRNPQPNPOPONRQOORNRORROPRP
KHEGDLEFLEFFEDHFHKHDKKHEEHFHHDFHEEKHDEI
OEEIJPOKPPPOKFFOEOKPIFOEEIJPPJPPOEIJPXX
KKMZTQMVDEHGILLMVJCZNUSGHSGZZUJLIETELXX
CAABLCOMROALHXZFZPLJSSGAHRCVLALAWTVKMUX
OVTVCQXHIAYBOFTOFZWWRZIPVBSVUZPJRLXHXMQ
RRNNWPTSXSRRNNNWYNPTSXSRRWNPTSXSRTSXSXX
AGDJTCHXVCYXJDLPDVLGRLIRENUVMBLDSZQMXVC
BJQMDMHEXXTGIFVLZBQNWIHEMDMGYONAPWDJAHM
TBAACLAAMRAASFAAGPAAQNAAOHAAIDAAEJAAKXX
XRUNTXKUNTVKQKQKUNRUNNVKQKXRUNNTXRKQKUX
WOMYCPPNZUUNFYZRMFQDLNEVELNZOWJZUULQZKN
CSPESOXPHFKNJCSRNOPXUTPKQXXSCCPPVSNXIYC
OJBJMENQUXGRHNEERHNJRBWTHTKNJSNAWIYAVDG
GNHFKLLEKMLEKLDEGIFDLLFJKHIMJJLIDGJKLFX
WTVVUUTMXUVUUNUNWTUUNWTWTVNWTMTVVUWTMXX
XYIHRQOHKYRQOHYQKYETSNKYETSNYFYFRNRNXYX
STFWJJTFWJXMXXPQVPFKPJGLRMFKPJJJDQDQIGX
HAYAHGBMOWRHCKWKTTBCZEOXIMRJMPNYVTTHAYA
SSBABBPPOOGGGHNMNMEFEFLLLLCCDCJIIJQRQRX
TBAACJAAKHAAILAAMDAAEFAAGRAASNAAOPAAQXX
DNOBMCIKDMDODQGVANPWXAXSJUISIZXUILYFXXX
JUTJIVEMNRWGKTJESQEENUGIVFMKOQINUVKGWSN
MMKSFKLLHQKKGMMMMKGGMEMSGORHKRLRFTELSDS
MRMSKOMRMMSKMKMJMSKMJMJMPJJPOJPOMPOMRXX
TBGSONNYUBWQDKBQYFDQSXKLPCIOAOWSYRRANXX
YQTPIILKUYCKWMXFTYOJSCGTONFLMBFXIELKUYC
JKJJHIIIHKHHHHHHJJHHJIIIHIJJHJJJHIHHKJJ
ZGXRZFIYMMMEVODGQSNLDUDZXXVRCOUHKNYOUTP
XKYNEGVQUNPPLTRACDFIWLOQJBEUWQAFPLQPXXX
AAOJXCQFSOOQIFSNDOFZEHBCLVHUXFUQGJHIHSI
TYEDDPPFUUBUEDBRQUHNPJLTKRMZJQYPCPFZTON
SRLRQNTQMSPPTSKMOOSOLSQTOOUKMLOUKPQUKKM
FCVZTUHNTXDAOSHEUWKDROTUPHKXTQAOMDWUSCA
CHTKGMVMVLOMSJMARWMVQXQPKNFIXHCEGCMUROL
LFLHGBQFLHEFMHIRRCECOLKEFMOLFLGQFLDIRRX
JKJIIIJJJIIIIJJKKKIJIIKIIJJJJIJIIKIJIKJ
UPDRORODEOQTUODEXQMOQQTUPTUPDDRODMOQTXX
ZULJCANMSTFAZEKMKLANZMKTNZSWMDJCNIQWUKL
RUDLVSRUDLUJPDOHLQGTOHIGTOULLPIGTODRRKX
RLHRPEKBSNDNYPLJVOGXIUKYBDWYNKPJXYNHZOF
QVWQXTSUOKUMTVQOYTUNQSLSXXVLQXOSVWSUYYM
KGLXUUFQBOAPDRGRJNIKCLZCRVQWZCIVKGLVLZS
SSTABBBQQQRDDCDFFFFPOPONNMMGGHGKKLLJIIJ
EFINFIBWFIZVFIYBFIHAFICNFIBFFIRJFIAVFIT
STSAAAAEFEEPOPOKKLKCCDDGHGGNNNNRRQRIJJJ
SQOMKJLOUJNOSQOJJSSTKQSTRQQJKRRMKPPULNT
QQFQKQQEQQKMPRIHNIKMGEQIKMGKMMPRIFKFKHN
XXMCYQPDIPWVBXQBXHDERBKKLSOBHGYYWYLJBXH
QHEGJMBOQCJMIHQCCKCKMDHKQHKNBOIHOHMDHKX
TTBAAANMMNPOOPDDCCGHGGIIIIEEEELKKLRRQRX
WHPIWHPKTOBNOIYJXJRBYBKWCHAONPWARKAEQTK
JHOPOKOKFHFHEJNJHOHEJJHOPOPOKFKFHEFNJHX
FKMIDGKJIFMMNHFHFIJJJNMNMNHDGKJJNMNLFKM
NETFBQFVOMGVQGSNVNJQTPPIOEVRQGURAEKSMVO
CBCCBBBBCDBDBDBDCBCCBCBDBCCBCBDCCBDBCCX
WWHCGKCXKPOOFITTDDNMDMFQQTRVPFIFDKVBTYB
GEHCFCCCDFCEHDFCGDFCEEDGEEDGFCEDEDCCXXX
KANNKPPCMJAGIKFUOZPSMDGXEFLKANNDHKXDSJK
FVSEBWULTHUVFKLSBEKQQLTHUVEJSFSBEHVSEBX
RKRMRJRKMRJRJROROLKKRKRLKRKJROLOLKRMKMR
SBAABDDCCIJJJEEFEMNMNRQRQPPPPLLKKGGGHXX
RJGMEHZPOOJQJPWFPDDKSJXZJQNXVAUYCHCVBIX
RGEVFKQHOHYLWFIACPFHSALBILFGITJIKZWALVJ
MOFCDKPEPEDNAMRPQEBBOLPRGRDDLOGPHFNGJCE
TADOWRTLLJYEZABKNMQZNIKMFTDECCHACQHUECC
BRHTRHJCRHRNRHDDRHPORHZERHRLNRHORHKWRHS
IWSGRAYWHAWQNDJUHSNBHSCUIDGSKGRLROJOMHD
FNMMOVMMWPMMQDMMEZMMATMMUBMMCRMMSXMMYXX
DICRNLBNOKOBDJNBBJDPJNJOKJPNCMNNROBJFIR
UNQQTORNQQTORSVTORSRSVMRUNQMRUNUMRUQQTO
IWFCOWAMWYSFROSOEAIZPBWPUAGPWKBJQUOPZPB
RARVJEEZFCKYNIRASDFNPOZXDSHHRRYUPBDIREH
ZKYUNYRGDQNRAUSOSVLOXHRZXFZOOXHLRNWYTKH
PUQZWURUTPSPNQUSSRTRSWTRPSSSOPRTZNPYWWP
SSGEMNUUGOZAWXJVXOMKNIECNQFZHPCUPIHFXXX
IKIJIJJILLJLKLIJKLKKLKLKLIJLIJKJKLKIJJJ
TGIUMRTGIYRTGMNLTNLTNTYRTUMNLLTNYIUMNXX
RMBNRLSHQUOUNAFFLAHCHOSANARSJLUHJHHSIAC
OONNMKLNNKKKKKNKNMKNOOOONNKNKKKOOONKKNM
NHNNEHIBBHKEGKDEIJGECBNHGECBCKFBEIJGXXX
GVKONSBRQQNSBRVKONRQQPSBRQONSBQQPGQPGFX
GTIQOKGRUCELTUTDLSDQLNDHIRFDMMLFJGRTRCH
WOOHMVLLUNHQHVQOYUVHPIQLURNQKOSVXTWNSXO
ZGMHDJPELZRTKGRXUKYKLEGNKXUZUHKUBIQASDQ
PGKCXJTCBMNXTKJXWUEKJDZORPEOHXSMGHAHXXX
PJXGINALJUXLYSTFZIOLUSRXIEYENCWVBYLDEUE
LNCIAWPMNTQYLZZULWIMELOLSILKYPUYYPJMBQW
RSRTXRWRWRSVVWTWRSRUVVWSRTWVWTXXRWRWTXR
TQTSJWJLKVXJNMTNPSVQSTTQOTVUJWOJOSJSJWX
OQXQWKOQKOQXONVRONVRWLONXOWWQXQRWKOQXXX
MQHKIYRTVWVWKYMURUKYTJKYNWTJRTNWMQRUKYX
PSQUVRSSSPTRRTPXPVXXVWSSSPUSWVXPUTRUXXS
KRYDRXSSQCWLTHESTPEYLFTTCFWCDRXEUCTAGOE
SQPZWQKUZJVPIYPROFGMSEXNYBNLDRBBUWMXSCD
PTEWXCIYQUDTOUJZKURYGLAZSNUFHIVFTOUPEJA
VQDUYVOZBRFMRJBLPEETMRJKQGVVHCACKXEQQKP
RQSMIRPXPLJJTJVXKPTPLPKTWWXVQTXKMKRPXUX
TSBABAJIIJRRRRLKLKHGGGDDCCFFFFPPPPMNNMX
NUONSNUNQQUSRRNUTSUUNUSUQSNUTOUTNRUNPRT
XKLHKLTZRFJJCLAJFZTVDBAICPTIXOKTEFEHYBW
DSUNSUTXSUHKSUVZSULESUSMSUNKSUVKSUKTSUH
ZLJVRKTFIFOKTSOADUNSOGACRTYXDVRKGVNKFLI
TJWCOYSBWWLZRPUFUFXDBKYRGGAKXKNAEXKCYZL
XRSXFBLLLIHIWRIFLBRSNKKLNIWJTWRVROWZQJP
DLKKMTKKUXKKYBKKCPKKQRKKSVKKWNKKOZKKAXX
ACZTMYQIRDJGNZPFTPOGCUSFAZLCZTJDAVBWCVQ
IIGHQRSGGHJFFSNFGGGNHQRIGHKHKHPQRSFGGHJ
ABBBKKKKOOOOEFEECCDCQRRQGGHGJIIINMNMXXX
GKMEJMNFIKGKGEIIMGONKCDNDIGOHOIDOKKIOFF
SLOSMMLLSMQRTRTTRKLPQQLLQLRTKQSMSNTQMTM
FRZBNMZEZPLFBXQEAIMHUNFZQVTGEHLIQALEFNR
YCXSXZQFPUBMBLQAYYWOIFDYFNJFNJXKXVZMEML
ZKLMBMNPACLHYRTVUXQXBSUFZSUIWDKBNHRSXXX
IJFJFFEIGDHDJEDFFFIEIGDDJDDDDGFGGEIDIIG
OODXFWEHRRJAYHPFEJCNJQGMNCFLSCSEKYBSSWX
AHOBHGZYVNKQGMUFBTHYKPITAQEDJOWLUYVJXEJ
NEZYHBVEJLQZVVJPQXQEAHRXOWHXOWHSXRCDVXP
BUBLPRQRIRGYOZUODBOCDHDALTTYOCKRTTRYOCK
JRQQSFQQGVQQWDQQEBQQCXQQYZQQATQQUHQQIXX
OCDDQTGKKDIEIIOTLDTMKKDQIOREDMJPEFWSLVC
YUYRRTTWZQZPUSWTXZUYYXXZPUWXUYUSPRTXZWX
WTSPSWSWWTLQRWWTSQRWSLQRWWWWTRWSWSWWWXX
JQDZCCSDOVYXUCZQIEKUVPKROEAOHSTGJCHPZDB
FFEFIFFFGEIGJHEJEEEEEHHHIJJEHHGIGEGFFFF
TBAABNMMMFEEEGHGHKKKKRRQROOPPIJJJDDCCXX
UZSUZUZTTSUZTPZUZXPZUTTSRZUZSZTTSTSRPXX
QUXQRSXTXXRUQRUQUXQRXTXRUUQUXXTXRQRXSXX
SAAAAJIIJFFFEDDDCMNNNQRQRPOPPHHGGLLLKXX
AABDACBAAADCCBADCADDAACBCCBAABABBCDBAXX
SIZAFMBLNKBFUQVTMRWXQJRLSSJQJYPTSMFOTTY
FRMEXPVVDZILLXQKRHGYANBACYBKZEKHWYOPVQC
EGDNMJIDNMFMJILLEGDGDNMFNMJILEGJILEIFNM
RQQSZQQAHQQIXQQYFQQGTQQUVQQWDQQEBQQCXXX
PWPOCGUHDPMUHDOMUHHDPWDPWPWPOCOCGTOOMUX
NQMSLROQPHRLCISOMLLAJPQPBHNRTHPSHLLEERA
KQGNEJUYKSPLJAFALYRSVAHQMPYMPYENMSSLVGW
OWTOKQMSFBJLMGCNUVUGUGPSJRYBBSJRWEAKQMC
USUYXVURQSNQPNQPNSUYXTXXTNQPNUYXVUSNQXX
RKHTKINSLLQGNLKIOHKMGGSSNSGGRKOHSSNLKMX
GOWRFABCQGFYWAHZQDMOFHBQZJUZJUAFGLGFIBT
TBAACPAAQJAAKHAAIFAAGDAAELAAMNAAORAASXX
NHZKHZUTHZDNHZJRHZUEHZGZHZFWHZMFHZKHHZG
MSNUCTABRQSTEHBSOBBHRUHPBLGWNMCPSVLCSOB
BAAANMMNFEEEDDDDRRRQLKLLGHGGIJJIOOOOXXX
LHEPVTTNLUHIWJLWQQCOCCPEDJNUFJCDLSCCXXX
VSUQOLXRLRPXTNYYMZWWQMVTPNYWLYTLRZWYXOR
IYKATOSSNJOMCDZJNRKCBAKAIYKIHEASZLUVGGY
JGFNJSJGFGKFGGSJGFGEGEGSJKFGEFNJLGEGSXX
BAABLLKLMMMMDDCCHHGGFFEFRQRQOPOPIJIIXXX
RNJQHNTTJLKIKTROORQPKLIQLUTTLNNKSRNNLHO
ITISGNLRAJXQXWYTNCWDNAWWRIXFWBNCWKMZECF
ABBHKXFDNCMNMREGRCRSCAFYLUKPLEDFBNWKXFI
NVDQQCYWUDKFFFRFCCHCIEJSRYHFCCHDBROJWRB
PNHOQSQSHSHSSJPOUMUMNVKMKLKLFQFQPONVPNX
LTGQOPNVEDGJRDEXGULURUGSIOXFSNFSNVOLURX
TDLHIWEGMQIMZQGQDPQBRZEBOIVEUHKSAQWZGSE
BBABRRRQMMMNKLLLJIJJPPOODCCCEEEFGHHHXXX
FKWGJPLMUPYKISPCUGHGEFCJERMAEXCSVQFQYMC
TNNMTOSSPPOQMVTMUQNTOPNTOPVUTTVMNTRUTQX
EJLBUDTMUIQHYOFYNBHMNLPGFWIBMRFMCOWOMKE
HKHPLVWMAHBAHBJEJHAEFADZVCDOYUACBPYUYXJ
IHHJKHHLQHHRYHHZWHHXOHHPSHHTUHHVMHHNXXX
LFHUILOWHXUOKYLLQFOUYQIIOUWOXZLZRHLLOLZ
FJCXFTJXRQRGUOGETHHFJCXTPEEEGUOVEGUOGRE
UWUXLFDVHPZIGZDLTVHFCUOPOZNHWKOPLLQAXJM
EAHBPMYRTSJPZCPFHZQCTACFNVJEIGMYYBGUDEB
BBBBJJIJOOOOMNMMDCCCQRRRFFFELKLLHGGGXXX
KFQTBFROUESEGBKDAAJGBPERUAOPIQDSOSPTFIT
AEZLMJMUUJKSXHYJRAMZSUFZMCUQDSBZSXAHYNH
AHAFDJIQIKIJCKIJCMJIQRFKIHHAHSHHAKEMJXX
EABBDOEDWOTMGJGYLWCWKOOURWVOOFVFFVYUXXX
ZBPFTEHOOGIYKHPZBNXDEEPMZRRJCATYWPWZBPF
TSSBABBHGHHJJJJPPPOKKKKQRRRDDCCFFFEMMNM
SSTAAABMMMNOPOOLLLKGGHGIIIICDDCFFEEQQRQ
EFTNFTRXFTRJNFTEFTMVFTLFFTSTFTJEFTVTFTK
BABAIJIJLKLKHHGHNMMMQQQREEFFDDDDOPPPXXX
WDEDDFMDDNSDDTGDDHODDPQDDRIDDJUDDVKDDLX
NPNPNPOOPPNPNOOPOOPOONPNPOPNPPNPNOOPNXX
LICBJQDJKXGRIMDYMXCYSTHXPCNMXGKUYABMXGK
MMPNCRFFKBMFQEOAQQIOTAEINIREPHKRBFNNJRF
HGFHDPOEDEHGPGDEGGDEDEDFGDEDKIIQIQJDXXX
TBBBACCDDIIIJEEEEPOOPMMMNLKKKHGGGRRQQXX
RVYWJOJOWSJGWQMTQLPGDOJUSGDRYZJKGFOCMZQ
SSTBABAPOPPNMNMHHHGQQQQEEFEKKLLIIJJDDDD
QYMUXVQYXTIQRXHFTYRRKJFFHURMHFYHGHMIWNF
QDJYEGSCGDBBLXOESTDSEFKDHRWHGHSFMQVRXXX
UMAYQYBJBQKLDEQVUBUZWJBORWZVUBUSUIAHPZO
OPGYPGBVPGWVZPGTPGKUPGNZPGDQPGIKPGNSPGY
JGAGGASJGABDGAQJGAJIGAYSGACVGAAGGAASGAE
LRUKLVLRUUMPNGUTPMKUWJJJXUKLTRUKLUKLTXX
KVZNJHPSIVKGZRSEHPTNKISREXYCURZDEVIAXXX
MVRYLZUPXZLZQYYUPXYLZQZQYUVRYLIMVRQYUPX
NHJKHMDMFINOIKMJNJOGKHNGFMIEIHGDJLGNOHJ
MMOMNNOMNNONNMNNMONMOMOMNOONOONMMNNONNO
RDBCCYJFTOWPOWOILDJNLNXAECOTGSVPRFTNMHU
MWSUNQWSUNNQXHPFSMFSMWSMWSUNQXQXHPMPFSX
QKGQWNOPRKRVVGQMOGKRSPSKHTLOSRPNJJVLJHN
BSWKGPRZFEZCAJXIEBXPCJQEYFZPIWQDCMLEDDP
SKSDKSWCKSDGKSIRKSDMKSATKSVJKSJWKSPYKSH
EKIFLFCFBILFCFEADDBALDLDIBIBAFAFEABIBAX
LKLJKLLLLJKJKLLKKLKLJKLJKJKLLJKJKLLKKLX
TWXUWMSNXDXDGHBGQEDGHNXUWMWXUWVTSVQCEKX
VHIRIJHQJSDVSORSYXDXZPWNGEVLRFHEHCUSTTE
XWXYWXYWYXYXYYWXWYYXYWYYYXWYWYWYWWYWYYW
EFHCAFFADDDFHAAFBADCGGBADCDDDFGBEFHAGBX
QHKGHKWQHKSIHKJVHIHYHKVJHKGOHKKTHKJCHKC
MIOLMKMIRGQQQKSTIQLLTLKNNJQQSRIRHQNSSNT
GGIGFFFMHKFFFHJKFGGFGGIHKFGGIGFIGFFFFFH
GGJLLGLLIKJJLLLLLLGLGLIHKGGGJLLGLIKKGGJ
MEDIFGDGMEFGBDCJMCGCKIMHGCBDMHKILDLDCJX
DDLEEYZFQCEYWLVTZVWLZFGMLEZVGMWIDDQCVTX
LIIJPJQPJQOJPKQNIQTIJPJPKJOJQOOTIRTTTLI
FAKKWRWROZQTIIVVMNOZWTWTQTGEFAIIVVBFGEX
PVJNJQLLSVMWOWOQLOQLLSPVJMWOQLLSPLSPVXX
VMPJKVQQTKUQYXWWKTRIHYXRTXJJHNQTQHVUKKI
RRRTSUSUSSSUUTRSUVUSURTSUSSSUSVSVRSTVUS
HFJBFBZZCJDSYYHWYZCGODUYXGMMAELPSCNTKAP
ABBAHHHHMNMNCDDCJJJJPPPPEFFFLLLKQRQRXXX
YNSSHNNJTLZUCPRZZSZSZLMPKMPHMPZSZLPKMYX
IIFEJAFMLJJAFJIJNFJICIEJANIFPGAFIJKKBIF
NFTLHBKZRMRVXJPNVVIKIVOFFGANIHHXILSCRGX
IHHJMHHNWHHXUHHVOHHPQHHRSHHTKHHLYHHZXXX
VAHRWMIQLJPOFIWHVXIAANRDBTOTQHIGSCCMHVX
TTABBADCCCFFFFRQRQPPOOIJJIHHHGMNNNKKLKX
HSQVNSBGAXEQXDNTZLSQAXBEKVCAJEDNSBODPJS
OSPQJPQQSPOPQPQRMSRJNOLPOQPNLSSSSRSNJOX
BABBJJJJLLLKCCCCMNMNOPOOGHGGQQRRFFFEXXX
OLQQPNMRRRNLVQNMRQPQNMRRNRRNLQQPQPQNMXX
EDDFSDDTQDDRKDDLIDDJMDDNGDDHUDDVODDPXXX
SGQONFGQCBJGQGCQCBJCSGQGQGCGULGWPMEFGJL
IBKFCJDDIBHIBHFDFLHCIBKHCJCDFLHKCIBLJIE
VLFESSKIOCWZEIDLCTCQUSHVNHVAXQTADXVDXVL
QLKOLKLVLKKVLKUVLKARLKHRLKELLKKVLKLLLKX
OVMWVMIHVMUTVMQTVMYAVMYGVMKVVMEEVMITVMY
RTLPKSCLSTIPIUGORTJQADBFDCDCLSHJQABFDCX
DXSYLCSYLQSYDGSYHVSYQGSYGZSYZJSYRDSYAXX
TMTHILNDJTNLOEKGHHIJOESPSKOFPTMPSKOINEM
JGVRDQUNUYMTDOMFUDPYTHJBTDOGATLCXLHQABT
RIASTIMANMLOSFBDYUCYHBYARIHGRLYRAEZIMZR
IWNLLUPNLRTTOQWVSHLSTWJVOUNJJHHWSSISULL
RTQSQTQSQTTTRRQTRRRQQTSSTRRQQTTQSRSTRSX
HYYERAXKVOBXJJFOOFXJEELIDSHLPEGEPVEDUUQ
TSTBBBBRRQQEEFFKLKLHHHGDDDCOPPPIIJJNMNM
NMKMLHNKIHKHLJNNKHHNJNNNJINHNJKKIHNMIIM
IKLLJHGJKENTRWIGAGIBYWNNWABXQEJIGAXFUCT
MHLGGIMIGJHKJKMIMJKHKHMGGGIMJHMMHIIMKMG
OHSNLNHUJLOKHSQTNHKKMUUNOKKKLNOOGGTQJKN
XVHGORXEJTSCHKXGOWNREBEIVGMTKBFZATHVNQX
DADPVHATRMIGNDLNNVBAOVOVTLLBAOVATRVHQTX
GHLPFIGHONIGOHGNOMFPNMNKJJNGNHKFHQPNJGH
LHVQSYQYQZHXRLHWVTMTMVTQHZSVQWVZSXRZHQH
LDINOLHJLDQDMLEKMJLNSMJLKRDORNLEERNQQOK
POOMPMNNOPOOPPPMNPOMNOMOMPMMNPMONOOMNPO
QNAWGTZFJBMCXOWCZUYFKDEXVKIZUYWKTZFHRWR
PSAMRKEEPEEPOEEPONKJACSEECECSEEPOAMRJXX
TTBBBBKLLLHGGHRRQQNMNMCCCDOOPPJJIJEEFEX
KLCYLCKGLCXALCDVLCBYLCRBLCUGLCHGLCHBLCM
OSOTLUULSRVLLPLPLORLOROMMSLMSLLOSOTSLLP
LAKUYECDWVAWCHGLORGFKULEZWVYDNBRVAOLAKU
MHPKMHZPDXFAQRRAIHZAWIMZSWAFWVAZMBPSUXA
QNWSNWVBNWXVNWTPNWPSNWDDNWQUNWCYNWQBNWC
DHHDIFGEGEDGHEDHEDEEEIHHFDEFGGHHDHHHIDH
SGQPRPGSJWMESSSOKSPGLLLPQUOIINOLMVIMITS
WDEDDFMDDNUDDVGDDHIDDJSDDTODDPKDDLQDDRX
KRMQOQOQRHLNKRJOLNRMQOQOQROLNKQRHINKRMX
KXNQQTLLLQQLKXNLQQTLLLQQTLKTLLLXNQRTLKX
BABAGGHGOOPPRRRQEFEEMMNNCCDDLKLKIIIIXXX
MGRWULLOJGFGOGSFTJIIVPKKRPMEFOGVNFOLQKE
KKUKJWCKJFAKJVGKJFKKJBKKJOUKJDRKJBFKJMX
TGKGKXJGKKDGKRUGTGQGKTFGKBJGKQDGKOJGKLX
NPHZFBNBIYFXBEVXVTHIXEIGHUYSPVRLNVLEQQE
NPHPJDMNDNNMDDNHMLHNJDOHGPNOKLJOIGLLPPO
VSQTNOPOPTSQPSNTNNWRTNNNWQNSTPTTNOPOPTS
