Case #1: 3 4 6
Case #2: 20 25 30 37 42 43 49
Case #3: 2 4
Case #4: 2 4 7 10
Case #5: 5 7 13 16 19 20 24
Case #6: 1 2 3
Case #7: 2 6
Case #8: 13 17 18 19 24 26 31 33 38 40
Case #9: 6 8 9 11 15 17 18
Case #10: 5 8 9 12 14
Case #11: 3 5 7 10 11
Case #12: 2 5 6 8 10 13 16
Case #13: 3 5
Case #14: 2 3 4 5 6 7 8 9 10 11
Case #15: 22 27 31 35 39 41 44 46 52 54
Case #16: 82 137 158 183 204 210 221 241 289 329
Case #17: 3 4 5 6
Case #18: 2 5
Case #19: 2 22
Case #20: 6 8
Case #21: 4 6
Case #22: 8 11 12 13
Case #23: 1 4
Case #24: 59 64 84 99
Case #25: 41 83 92 116 140 146 151
Case #26: 4 8
Case #27: 4 6 9 11
Case #28: 5 6 11 13
Case #29: 7 10 14 16 18 19
Case #30: 1 2 3 7
Case #31: 6 11 13 17 18 20 22 24 25
Case #32: 6 7 8 9 10 11 12
Case #33: 5 7 10 12 13 14
Case #34: 2 3 5 7
Case #35: 22 222
Case #36: 4 10 14 17 25 32
Case #37: 1 2 3 4
Case #38: 14 17 20 23 26 29 31
Case #39: 4 5 7 10
Case #40: 2 7 8 9 10 11 25
Case #41: 36 37 38 39 40 41 42
Case #42: 11 14 16 18 22 24
Case #43: 3 4 5
Case #44: 6 8 9 12
Case #45: 2 5 7 8
Case #46: 5 13 20 26 31 32 33 34 35 55
Case #47: 5 6 8 11 13 14 15
Case #48: 1 11 21 31 41 51 61 71 81 91
Case #49: 2 3 4
Case #50: 8 11 12 15 17 19 20 22 24 26
