Case #1: 3
Case #2: 1
Case #3: IMPOSSIBLE
Case #4: 1 2
Case #5: 2 7
Case #6: IMPOSSIBLE
Case #7: IMPOSSIBLE
Case #8: IMPOSSIBLE
Case #9: 86593058825191801
Case #10: 1 2 3 4 5 6 7 8 9 10 11 12 13 14 15 16 17 18 19 20 21 22 23 24 25 26 27 28 29 30 31 32 33 34 35 36 37 38 39 40 41 42 43 44 45 46 47 48 49 50 51 52 53 54
Case #11: 6625963877 2232949826277 4459273688677 6685597551077 8911921413477 11138094767234
Case #12: 1
Case #13: 3721389797 740556569486 1477391456615
Case #14: 1
Case #15: 268822560488 170164680788336 340060539016184 509956397244032 679852255471880 849748113699728 1019643971927576 1189539830155424 1359435688383272 1529331546611120
Case #16: 1 2 3 4
Case #17: 3721389797 740556569486 1477391456615
Case #18: 1 2 3
Case #19: 1 2 3 4 5 6 7 8 9 10 11 12 13 14
Case #20: IMPOSSIBLE
Case #21: IMPOSSIBLE
Case #22: 1235 56790
Case #23: IMPOSSIBLE
Case #24: 1
Case #25: 8326287847 5545307705486 11082289123125 16619270540764 22156251958403 27693233376042 33230214793681 38767196211320 44304177628959 49841159046598 55378140464237 60915121881876 66452103299515 71989084707842
Case #26: 920521275489999
Case #27: 475141398872 331173555013152 661871968627432 992570382241712 1323268795855992 1653967209470272 1984665623084552 2315364036698832 2646062450313112 2976760863927392 3307459277541672
Case #28: 1
Case #29: 7 50
Case #30: 1
Case #31: 7038516 2118593052 4230147588 6341702124 8453256660 10564811196 12676365732 14787920268 16899339501
Case #32: 490328966
Case #33: IMPOSSIBLE
Case #34: 1
Case #35: IMPOSSIBLE
Case #36: IMPOSSIBLE
Case #37: IMPOSSIBLE
Case #38: 39416153192 18013182008352 35986947863512 53960713718672 71934479573832 89908245428992 107882011284152 125817040574970
Case #39: 1
Case #40: 2 12
Case #41: IMPOSSIBLE
Case #42: 2
Case #43: IMPOSSIBLE
Case #44: 28
Case #45: 13403046 4758081012 9502758978 14247436944 18992114910 23736792876 28481470842 33226148808 37970826774 42715504740
Case #46: 29149665830044 7374865455000518
Case #47: 623749 57384866
Case #48: 1
Case #49: 143266045688 81518379995968 162893493946248 244268607896528 325643721846808 407018835797088 488393949747368 569769063697648 651144177647928
Case #50: IMPOSSIBLE
Case #51: 356350036317662
Case #52: 1
Case #53: 1
Case #54: 2 7
Case #55: IMPOSSIBLE
Case #56: 2 204 406 608 810 1012 1214 1416 1618 1820 2022 2224 2426 2628 2830 3032 3234 3436 3638 3840 4042 4244 4446 4648 4850 5052 5254 5456 5658 5860 6062 6264 6466 6668 6870 7072 7274 7476 7678 7880 8082 8284 8486 8688 8890 9092 9294 9496 9698 9900
Case #57: 30569572 6450179531 12869789490 19289399449 25708055104
Case #58: 3
Case #59: IMPOSSIBLE
Case #60: 30518510416063597
Case #61: 103 30406 60709 91012 121315 151618 181921 212224 242527 272830 303133 333436 363739 394042 424345 454648 484951 515254 545557 575860 606163 636466 666769 697072 727375 757678 787981 818284 848587 878890 909193 939496 969799 990002
Case #62: 192153584101141163
Case #63: 1 2 3 4 5 6 7 8 9 10 11 12 13 14 15 16 17 18 19 20 21 22 23 24 25 26 27 28 29 30 31 32 33 34 35 36 37 38 39 40 41 42 43 44 45 46 47 48 49 50 51 52 53 54 55 56 57 58 59 60 61 62 63 64 65 66 67 68 69 70 71 72 73 74 75 76 77 78 79 80 81 82 83 84 85 86 87 88 89 90 91 92 93 94 95 96 97 98 99 100
Case #64: 6
Case #65: 67142
Case #66: 1
Case #67: 58629828 30311620596 60564611364 90817602132 121070592900 151323583668 181576574436 211829565204 242082555972 272335546740 302588537508 332841528276 363094519044 393347509812 423599834421
Case #68: 102030405060709 91011121314151618 181920212223242527 272829303132333436 363738394041424345 454647484950515254 545556575859606163 636465666768697072 727374757677787981 818283848586878890 909192939495969799 990001020304050608
Case #69: 16
Case #70: IMPOSSIBLE
Case #71: 1
Case #72: 6
Case #73: IMPOSSIBLE
Case #74: 2 190 378 566 754 942 1130 1318 1506 1694 1882 2070 2258 2446 2634 2822 3010 3198 3386 3574 3762 3950 4138 4326 4514 4702 4890 5078 5266 5454 5642 5830 6018 6206 6394 6582 6770 6958 7146 7334 7522 7710 7898 8086 8274 8462 8557
Case #75: 75056076634006 39854776692656756 79634497308679506 119414217924702256 159193938540725006 198973633894007946
Case #76: 100279120213 32590714068982 65081149017751 97571583966520 126451970587649
Case #77: 361254 50214204 100067154 149920104
Case #78: IMPOSSIBLE
Case #79: IMPOSSIBLE
Case #80: 1
Case #81: 12345678901234568
Case #82: 31568896495444631
Case #83: 7666974012885 4699855069897974 9392043165783063 14084231261668152 18776419357553241 23468607453438330 28160795549323419 32852983644875169
Case #84: 1398102
Case #85: IMPOSSIBLE
Case #86: 4543326082 2676019061759 5347494797436 8018970533113 10690446268790 13361922004467 16033397740144 18704873475821 21376349211498 24047824947175 26719300682852 29390776418529 31680612763396
Case #87: 1
Case #88: IMPOSSIBLE
Case #89: IMPOSSIBLE
Case #90: IMPOSSIBLE
Case #91: 1041397442017495 298881065859008229
Case #92: IMPOSSIBLE
Case #93: IMPOSSIBLE
Case #94: 334123304 67158783968 133983444632 200486832890
Case #95: 4696537119847 737356327815980
Case #96: 10204 4050608 8091012 12131416 16171820 20212224 24252628 28293032 32333436 36373840 40414244 44454648 48495052 52535456 56575860 60616264 64656668 68697072 72737476 76777880 80818284 84858688 88899092 92939496 96979900
Case #97: IMPOSSIBLE
Case #98: 5711690974 3524113330391 7042514969808 10560916609225 14079318248642 17597719888059 21116121527476 24634523166893 28152924806310 31671326445727 35189728085144 38708129724561 42226531355968
Case #99: IMPOSSIBLE
Case #100: IMPOSSIBLE
